#
# A fatal error has been detected by the Java Runtime Environment:
#
#  EXCEPTION_ACCESS_VIOLATION (0xc0000005) at pc=0x0000000054a6a4f0, pid=8196, tid=0x0000000000002e84
#
# JRE version: OpenJDK Runtime Environment (8.0_152-b01) (build 1.8.0_152-release-915-b01)
# Java VM: OpenJDK 64-Bit Server VM (25.152-b01 mixed mode windows-amd64 compressed oops)
# Problematic frame:
# V  [jvm.dll+0x8a4f0]
#
# Failed to write core dump. Minidumps are not enabled by default on client versions of Windows
#
# If you would like to submit a bug report, please visit:
#   http://bugreport.java.com/bugreport/crash.jsp
#

---------------  T H R E A D  ---------------

Current thread (0x0000000003160000):  GCTaskThread [stack: 0x0000000013010000,0x0000000013110000] [id=11908]

siginfo: ExceptionCode=0xc0000005, reading address 0x0000000000000030

Registers:
RAX=0x0000000000000000, RBX=0x00000000e3d263b8, RCX=0x00000000e3d263b8, RDX=0x0000000000000028
RSP=0x000000001310f798, RBP=0x0000000000000000, RSI=0x0000000016ff3a00, RDI=0x000000001c138e70
R8 =0x0000000016ff3a00, R9 =0x0000000000000006, R10=0x0000000000000008, R11=0x00000000f4c210d0
R12=0x0000000054ff50c8, R13=0x00000000a2f7d418, R14=0x0000000000000000, R15=0x0000000003160490
RIP=0x0000000054a6a4f0, EFLAGS=0x0000000000010206

Top of Stack: (sp=0x000000001310f798)
0x000000001310f798:   0000000054dac0d2 00000000fb392e08
0x000000001310f7a8:   0000000000000004 0000000016ff3a00
0x000000001310f7b8:   0000000054aa69f0 00000000f4c190e0
0x000000001310f7c8:   0000000000001000 0000000000000000
0x000000001310f7d8:   0000000000000000 0000000000000000
0x000000001310f7e8:   000000000314e701 0000000054ff50c8
0x000000001310f7f8:   0000000054dac440 00000000f4c1c338
0x000000001310f808:   0000000000000000 0000000016ff3a00
0x000000001310f818:   000000001c138e70 00000000f4c1c338
0x000000001310f828:   0000000054dace15 0000000000000015
0x000000001310f838:   0000000054daf4c3 00000000f4637350
0x000000001310f848:   0000000054acd403 00000000f463734d
0x000000001310f858:   00000000f463734d 0000000016ff3a00
0x000000001310f868:   000047930000138f 000000001c138e40
0x000000001310f878:   0000000054dac81b 000054e000001bc5
0x000000001310f888:   000047930000138f 0000000003160480 

Instructions: (pc=0x0000000054a6a4f0)
0x0000000054a6a4d0:   ac 50 1d 00 48 8b 9c 24 c0 00 00 00 48 81 c4 b0
0x0000000054a6a4e0:   00 00 00 5d c3 cc cc cc cc cc cc cc cc cc cc cc
0x0000000054a6a4f0:   44 8b 42 08 4c 8b ca 45 85 c0 7e 0e 41 f6 c0 01
0x0000000054a6a500:   75 57 41 c1 f8 03 41 8b c0 c3 79 4d 80 3d 9e f3 


Register to memory mapping:

RAX=0x0000000000000000 is an unknown value
RBX=0x00000000e3d263b8 is an oop

[error occurred during error reporting (printing register info), id 0xc0000005]

Stack: [0x0000000013010000,0x0000000013110000],  sp=0x000000001310f798,  free space=1021k
Native frames: (J=compiled Java code, j=interpreted, Vv=VM code, C=native code)


---------------  P R O C E S S  ---------------

Java Threads: ( => current thread )
  0x0000000023b46800 JavaThread "Worker Daemon Execution Thread 57" [_thread_blocked, id=20452, stack(0x0000000029e30000,0x0000000029f30000)]
  0x0000000023b44800 JavaThread "Worker Daemon Execution Thread 56" [_thread_blocked, id=20908, stack(0x0000000029d30000,0x0000000029e30000)]
  0x0000000023b46000 JavaThread "Worker Daemon Execution Thread 55" [_thread_blocked, id=25304, stack(0x0000000029c30000,0x0000000029d30000)]
  0x0000000023b45000 JavaThread "Worker Daemon Execution Thread 54" [_thread_blocked, id=10588, stack(0x0000000029b30000,0x0000000029c30000)]
  0x0000000023b43800 JavaThread "Worker Daemon Execution Thread 53" [_thread_blocked, id=24980, stack(0x0000000029a30000,0x0000000029b30000)]
  0x0000000023b48000 JavaThread "Worker Daemon Execution Thread 52" [_thread_blocked, id=3408, stack(0x0000000029930000,0x0000000029a30000)]
  0x0000000022714800 JavaThread "Worker Daemon Execution Thread 51" [_thread_blocked, id=22356, stack(0x0000000029830000,0x0000000029930000)]
  0x0000000022712800 JavaThread "Worker Daemon Execution Thread 50" [_thread_blocked, id=8824, stack(0x0000000029730000,0x0000000029830000)]
  0x0000000022711800 JavaThread "Worker Daemon Execution Thread 49" [_thread_blocked, id=14348, stack(0x0000000029630000,0x0000000029730000)]
  0x0000000022715800 JavaThread "Worker Daemon Execution Thread 48" [_thread_blocked, id=23208, stack(0x0000000029530000,0x0000000029630000)]
  0x0000000022711000 JavaThread "Worker Daemon Execution Thread 47" [_thread_blocked, id=9200, stack(0x0000000029430000,0x0000000029530000)]
  0x0000000022714000 JavaThread "Worker Daemon Execution Thread 46" [_thread_blocked, id=9844, stack(0x0000000029330000,0x0000000029430000)]
  0x0000000022713000 JavaThread "Worker Daemon Execution Thread 45" [_thread_blocked, id=17760, stack(0x0000000029230000,0x0000000029330000)]
  0x0000000022709800 JavaThread "Worker Daemon Execution Thread 44" [_thread_blocked, id=20972, stack(0x0000000029130000,0x0000000029230000)]
  0x000000002270f800 JavaThread "Worker Daemon Execution Thread 43" [_thread_blocked, id=21184, stack(0x0000000029030000,0x0000000029130000)]
  0x000000002270d000 JavaThread "Worker Daemon Execution Thread 42" [_thread_blocked, id=23468, stack(0x0000000028f30000,0x0000000029030000)]
  0x000000002270e800 JavaThread "Worker Daemon Execution Thread 41" [_thread_blocked, id=1548, stack(0x0000000028e30000,0x0000000028f30000)]
  0x0000000022710000 JavaThread "Worker Daemon Execution Thread 40" [_thread_blocked, id=9872, stack(0x0000000028d30000,0x0000000028e30000)]
  0x000000002270e000 JavaThread "Worker Daemon Execution Thread 39" [_thread_blocked, id=24820, stack(0x0000000028c30000,0x0000000028d30000)]
  0x000000002270b000 JavaThread "Worker Daemon Execution Thread 38" [_thread_blocked, id=12008, stack(0x0000000028b30000,0x0000000028c30000)]
  0x0000000022707000 JavaThread "Worker Daemon Execution Thread 37" [_thread_blocked, id=20228, stack(0x0000000028a30000,0x0000000028b30000)]
  0x000000002270c800 JavaThread "Worker Daemon Execution Thread 36" [_thread_blocked, id=10788, stack(0x0000000028930000,0x0000000028a30000)]
  0x0000000022708800 JavaThread "Worker Daemon Execution Thread 35" [_thread_blocked, id=21036, stack(0x0000000028830000,0x0000000028930000)]
  0x000000002270a000 JavaThread "Worker Daemon Execution Thread 34" [_thread_blocked, id=2452, stack(0x0000000028730000,0x0000000028830000)]
  0x0000000022706800 JavaThread "Worker Daemon Execution Thread 33" [_thread_blocked, id=5584, stack(0x0000000028630000,0x0000000028730000)]
  0x0000000022708000 JavaThread "Worker Daemon Execution Thread 32" [_thread_blocked, id=11440, stack(0x0000000028530000,0x0000000028630000)]
  0x000000002270b800 JavaThread "Worker Daemon Execution Thread 31" [_thread_blocked, id=10368, stack(0x0000000028430000,0x0000000028530000)]
  0x000000002399f000 JavaThread "Worker Daemon Execution Thread 30" [_thread_blocked, id=18444, stack(0x0000000028330000,0x0000000028430000)]
  0x000000002399c800 JavaThread "Worker Daemon Execution Thread 29" [_thread_blocked, id=5536, stack(0x0000000028230000,0x0000000028330000)]
  0x000000002399c000 JavaThread "Worker Daemon Execution Thread 28" [_thread_blocked, id=23660, stack(0x0000000028130000,0x0000000028230000)]
  0x000000002399b000 JavaThread "Worker Daemon Execution Thread 27" [_thread_blocked, id=22400, stack(0x0000000028030000,0x0000000028130000)]
  0x000000002399a800 JavaThread "Worker Daemon Execution Thread 26" [_thread_blocked, id=1664, stack(0x0000000027f30000,0x0000000028030000)]
  0x000000002399d800 JavaThread "Worker Daemon Execution Thread 25" [_thread_blocked, id=9552, stack(0x0000000027e30000,0x0000000027f30000)]
  0x000000002399e000 JavaThread "Worker Daemon Execution Thread 24" [_thread_blocked, id=7500, stack(0x0000000027d30000,0x0000000027e30000)]
  0x0000000023998000 JavaThread "Worker Daemon Execution Thread 23" [_thread_blocked, id=23748, stack(0x0000000027c30000,0x0000000027d30000)]
  0x0000000023994800 JavaThread "Worker Daemon Execution Thread 22" [_thread_blocked, id=25028, stack(0x0000000027b30000,0x0000000027c30000)]
  0x0000000023996000 JavaThread "Worker Daemon Execution Thread 21" [_thread_blocked, id=20392, stack(0x0000000027a30000,0x0000000027b30000)]
  0x0000000023999000 JavaThread "Worker Daemon Execution Thread 20" [_thread_blocked, id=15520, stack(0x0000000027930000,0x0000000027a30000)]
  0x0000000023999800 JavaThread "Worker Daemon Execution Thread 19" [_thread_blocked, id=10876, stack(0x0000000027830000,0x0000000027930000)]
  0x0000000023993800 JavaThread "Worker Daemon Execution Thread 18" [_thread_blocked, id=22984, stack(0x0000000027730000,0x0000000027830000)]
  0x0000000023995000 JavaThread "Worker Daemon Execution Thread 17" [_thread_blocked, id=24408, stack(0x0000000027630000,0x0000000027730000)]
  0x0000000023990800 JavaThread "Worker Daemon Execution Thread 16" [_thread_blocked, id=8108, stack(0x0000000027530000,0x0000000027630000)]
  0x0000000023997800 JavaThread "Worker Daemon Execution Thread 15" [_thread_blocked, id=23700, stack(0x0000000027430000,0x0000000027530000)]
  0x0000000023991800 JavaThread "Worker Daemon Execution Thread 14" [_thread_blocked, id=19192, stack(0x0000000027330000,0x0000000027430000)]
  0x0000000023996800 JavaThread "Worker Daemon Execution Thread 13" [_thread_blocked, id=16988, stack(0x0000000027230000,0x0000000027330000)]
  0x0000000023993000 JavaThread "Worker Daemon Execution Thread 12" [_thread_blocked, id=14252, stack(0x0000000026fd0000,0x00000000270d0000)]
  0x0000000023992000 JavaThread "Worker Daemon Execution Thread 11" [_thread_blocked, id=20120, stack(0x0000000026ed0000,0x0000000026fd0000)]
  0x0000000023990000 JavaThread "Worker Daemon Execution Thread 10" [_thread_blocked, id=14232, stack(0x0000000026dd0000,0x0000000026ed0000)]
  0x000000001b27a000 JavaThread "Worker Daemon Execution Thread 9" [_thread_blocked, id=1960, stack(0x0000000026cd0000,0x0000000026dd0000)]
  0x000000001b276000 JavaThread "Worker Daemon Execution Thread 8" [_thread_blocked, id=13784, stack(0x0000000026bd0000,0x0000000026cd0000)]
  0x000000001b248000 JavaThread "Worker Daemon Execution Thread 7" [_thread_blocked, id=13860, stack(0x0000000026ad0000,0x0000000026bd0000)]
  0x000000001b247800 JavaThread "Worker Daemon Execution Thread 6" [_thread_blocked, id=15464, stack(0x00000000269d0000,0x0000000026ad0000)]
  0x000000001b246800 JavaThread "Worker Daemon Execution Thread 5" [_thread_blocked, id=19676, stack(0x00000000268d0000,0x00000000269d0000)]
  0x000000001b245000 JavaThread "Worker Daemon Execution Thread 4" [_thread_blocked, id=20744, stack(0x00000000267d0000,0x00000000268d0000)]
  0x000000001b249800 JavaThread "Worker Daemon Execution Thread 3" [_thread_blocked, id=1524, stack(0x00000000266d0000,0x00000000267d0000)]
  0x000000001b249000 JavaThread "Worker Daemon Execution Thread 2" [_thread_blocked, id=23368, stack(0x00000000265d0000,0x00000000266d0000)]
  0x000000001b244800 JavaThread "Worker Daemon Execution" [_thread_blocked, id=11824, stack(0x00000000261a0000,0x00000000262a0000)]
  0x000000001b278800 JavaThread "Task worker for ':' Thread 7" [_thread_blocked, id=23256, stack(0x00000000250a0000,0x00000000251a0000)]
  0x000000001b277000 JavaThread "Task worker for ':' Thread 6" [_thread_blocked, id=16692, stack(0x0000000024fa0000,0x00000000250a0000)]
  0x000000001b277800 JavaThread "Task worker for ':' Thread 5" [_thread_blocked, id=16892, stack(0x0000000024ea0000,0x0000000024fa0000)]
  0x000000001b275800 JavaThread "Task worker for ':' Thread 4" [_thread_blocked, id=6472, stack(0x0000000024da0000,0x0000000024ea0000)]
  0x000000001b274800 JavaThread "Task worker for ':' Thread 3" [_thread_blocked, id=4424, stack(0x0000000024ca0000,0x0000000024da0000)]
  0x000000001b26d000 JavaThread "Task worker for ':' Thread 2" [_thread_blocked, id=6212, stack(0x0000000024ba0000,0x0000000024ca0000)]
  0x000000001b274000 JavaThread "Task worker for ':'" [_thread_blocked, id=19636, stack(0x0000000024aa0000,0x0000000024ba0000)]
  0x000000001b26c800 JavaThread "Cache worker for task history cache (C:\Users\owner\AndroidstudioProjects\AutoAccident\.gradle\4.1\taskHistory)" [_thread_blocked, id=5152, stack(0x00000000249a0000,0x0000000024aa0000)]
  0x000000001b273000 JavaThread "Cache worker for file content cache (C:\Users\owner\AndroidstudioProjects\AutoAccident\.gradle\4.1\fileContent)" [_thread_blocked, id=13140, stack(0x0000000023670000,0x0000000023770000)]
  0x000000001b271000 JavaThread "Memory manager" [_thread_blocked, id=22320, stack(0x00000000219a0000,0x0000000021aa0000)]
  0x000000001b26e000 JavaThread "pool-1-thread-1" [_thread_blocked, id=15772, stack(0x00000000216a0000,0x00000000217a0000)]
  0x000000001b270000 JavaThread "build operations Thread 8" [_thread_blocked, id=17208, stack(0x00000000211a0000,0x00000000212a0000)]
  0x000000001b26f800 JavaThread "build operations Thread 7" [_thread_blocked, id=23928, stack(0x00000000210a0000,0x00000000211a0000)]
  0x000000001b26e800 JavaThread "build operations Thread 6" [_thread_blocked, id=10568, stack(0x0000000020fa0000,0x00000000210a0000)]
  0x000000001b4fd800 JavaThread "build operations Thread 5" [_thread_blocked, id=8688, stack(0x0000000020ea0000,0x0000000020fa0000)]
  0x000000001b500000 JavaThread "build operations Thread 4" [_thread_blocked, id=23624, stack(0x0000000020da0000,0x0000000020ea0000)]
  0x000000001b4fc800 JavaThread "build operations Thread 3" [_thread_blocked, id=8748, stack(0x0000000020ca0000,0x0000000020da0000)]
  0x000000001b502000 JavaThread "build operations Thread 2" [_thread_blocked, id=21840, stack(0x0000000020ba0000,0x0000000020ca0000)]
  0x000000001b501800 JavaThread "build operations" [_thread_blocked, id=23496, stack(0x0000000020aa0000,0x0000000020ba0000)]
  0x000000001b4ff000 JavaThread "Cache worker for Artifact transforms cache (C:\Users\owner\.gradle\caches\transforms-1)" [_thread_blocked, id=16432, stack(0x000000001fd30000,0x000000001fe30000)]
  0x000000001afb3000 JavaThread "Cache worker for file hash cache (C:\Users\owner\AndroidstudioProjects\AutoAccident\.gradle\4.1\fileHashes)" [_thread_blocked, id=19848, stack(0x000000001d9e0000,0x000000001dae0000)]
  0x000000001b197000 JavaThread "File lock request listener" [_thread_in_native, id=17972, stack(0x000000001d6e0000,0x000000001d7e0000)]
  0x000000001b192800 JavaThread "Cache worker for file hash cache (C:\Users\owner\.gradle\caches\4.1\fileHashes)" [_thread_blocked, id=22728, stack(0x000000001d5e0000,0x000000001d6e0000)]
  0x000000001ac0b800 JavaThread "Stdin handler" [_thread_blocked, id=12220, stack(0x000000001d4e0000,0x000000001d5e0000)]
  0x000000001ac0b000 JavaThread "Asynchronous log dispatcher for DefaultDaemonConnection: socket connection from /127.0.0.1:57560 to /127.0.0.1:57561" [_thread_blocked, id=9088, stack(0x000000001d2e0000,0x000000001d3e0000)]
  0x000000001ac15800 JavaThread "Daemon worker" [_thread_blocked, id=23840, stack(0x000000001d1e0000,0x000000001d2e0000)]
  0x000000001b098000 JavaThread "Cancel handler" [_thread_blocked, id=22824, stack(0x000000001d0e0000,0x000000001d1e0000)]
  0x000000001aa33800 JavaThread "Handler for socket connection from /127.0.0.1:57560 to /127.0.0.1:57561" [_thread_in_native, id=18032, stack(0x000000001cde0000,0x000000001cee0000)]
  0x000000001ab96800 JavaThread "Daemon" [_thread_blocked, id=13532, stack(0x000000001cce0000,0x000000001cde0000)]
  0x000000001ab67000 JavaThread "Daemon periodic checks" [_thread_blocked, id=25372, stack(0x000000001cbe0000,0x000000001cce0000)]
  0x000000001ab62000 JavaThread "Incoming local TCP Connector on port 57560" [_thread_in_native, id=24092, stack(0x000000001c9a0000,0x000000001caa0000)]
  0x0000000018f99800 JavaThread "Service Thread" daemon [_thread_blocked, id=16148, stack(0x0000000019ac0000,0x0000000019bc0000)]
  0x0000000018f1c800 JavaThread "C1 CompilerThread3" daemon [_thread_blocked, id=24872, stack(0x00000000199c0000,0x0000000019ac0000)]
  0x0000000018f0f800 JavaThread "C2 CompilerThread2" daemon [_thread_blocked, id=10904, stack(0x00000000198c0000,0x00000000199c0000)]
  0x0000000018f01800 JavaThread "C2 CompilerThread1" daemon [_thread_blocked, id=25364, stack(0x00000000197c0000,0x00000000198c0000)]
  0x0000000018efe000 JavaThread "C2 CompilerThread0" daemon [_thread_blocked, id=16424, stack(0x00000000196c0000,0x00000000197c0000)]
  0x0000000018ef9000 JavaThread "Attach Listener" daemon [_thread_blocked, id=24156, stack(0x00000000195c0000,0x00000000196c0000)]
  0x0000000018ef6000 JavaThread "Signal Dispatcher" daemon [_thread_blocked, id=23668, stack(0x00000000194c0000,0x00000000195c0000)]
  0x0000000018ef1800 JavaThread "Finalizer" daemon [_thread_blocked, id=19300, stack(0x00000000192d0000,0x00000000193d0000)]
  0x000000000323a000 JavaThread "Reference Handler" daemon [_thread_blocked, id=20888, stack(0x0000000018dd0000,0x0000000018ed0000)]
  0x0000000003142800 JavaThread "main" [_thread_blocked, id=19688, stack(0x0000000002f40000,0x0000000003040000)]

Other Threads:
  0x0000000016ff5800 VMThread [stack: 0x0000000018cd0000,0x0000000018dd0000] [id=15996]
  0x0000000018fa2000 WatcherThread [stack: 0x0000000019bc0000,0x0000000019cc0000] [id=6960]

=>0x0000000003160000 (exited) GCTaskThread [stack: 0x0000000013010000,0x0000000013110000] [id=11908]

VM state:at safepoint (normal execution)

VM Mutex/Monitor currently owned by a thread:  ([mutex/lock_event])
[0x00000000030ce150] Threads_lock - owner thread: 0x0000000016ff5800
[0x00000000030cdb50] Heap_lock - owner thread: 0x000000001ac15800

Heap:
 PSYoungGen      total 400384K, used 338775K [0x00000000e0000000, 0x00000000ff100000, 0x0000000100000000)
  eden space 311296K, 100% used [0x00000000e0000000,0x00000000f3000000,0x00000000f3000000)
  from space 89088K, 30% used [0x00000000f9a00000,0x00000000fb4d5e08,0x00000000ff100000)
  to   space 98816K, 30% used [0x00000000f3000000,0x00000000f4d590e0,0x00000000f9080000)
 ParOldGen       total 514048K, used 263840K [0x00000000a0000000, 0x00000000bf600000, 0x00000000e0000000)
  object space 514048K, 51% used [0x00000000a0000000,0x00000000b01a8268,0x00000000bf600000)
 Metaspace       used 69488K, capacity 72040K, committed 72408K, reserved 1112064K
  class space    used 9001K, capacity 9618K, committed 9728K, reserved 1048576K

Card table byte_map: [0x0000000012600000,0x0000000012910000] byte_map_base: 0x0000000012100000

Marking Bits: (ParMarkBitMap*) 0x00000000551a3950
 Begin Bits: [0x0000000013310000, 0x0000000014b10000)
 End Bits:   [0x0000000014b10000, 0x0000000016310000)

Polling page: 0x0000000001650000

CodeCache: size=245760Kb used=43771Kb max_used=43957Kb free=201988Kb
 bounds [0x0000000003240000, 0x0000000005e50000, 0x0000000012240000]
 total_blobs=11920 nmethods=11134 adapters=699
 compilation: enabled

Compilation events (10 events):
Event: 42.101 Thread 0x0000000018f1c800 nmethod 14745 0x0000000005ba3010 code [0x0000000005ba3180, 0x0000000005ba33d0]
Event: 42.101 Thread 0x0000000018f1c800 14746       3       org.gradle.internal.resources.DefaultResourceLockCoordinationService$AcquireLocks::<init> (15 bytes)
Event: 42.101 Thread 0x0000000018f1c800 nmethod 14746 0x0000000005866e10 code [0x0000000005866f60, 0x0000000005867130]
Event: 42.102 Thread 0x0000000018f1c800 14747       1       org.gradle.workers.internal.SerializingActionExecutionSpec::getDisplayName (5 bytes)
Event: 42.102 Thread 0x0000000018f1c800 nmethod 14747 0x0000000005ba2d50 code [0x0000000005ba2ea0, 0x0000000005ba2fb0]
Event: 42.102 Thread 0x0000000018f1c800 14748       3       java.io.ObjectStreamClass$ClassDataSlot::<init> (15 bytes)
Event: 42.102 Thread 0x0000000018f0f800 14749       4       java.io.ObjectInputStream$BlockDataInputStream::peek (55 bytes)
Event: 42.102 Thread 0x0000000018f1c800 nmethod 14748 0x0000000005ba2990 code [0x0000000005ba2ae0, 0x0000000005ba2cb0]
Event: 42.103 Thread 0x0000000018f0f800 nmethod 14749 0x0000000003414210 code [0x0000000003414360, 0x0000000003414458]
Event: 42.107 Thread 0x0000000018efe000 14750 %     4       com.google.common.collect.ImmutableCollection$Builder::addAll @ 7 (34 bytes)

GC Heap History (10 events):
Event: 29.146 GC heap after
Heap after GC invocations=14 (full 3):
 PSYoungGen      total 366080K, used 29154K [0x00000000e0000000, 0x0000000100000000, 0x0000000100000000)
  eden space 336896K, 0% used [0x00000000e0000000,0x00000000e0000000,0x00000000f4900000)
  from space 29184K, 99% used [0x00000000f4900000,0x00000000f65789f0,0x00000000f6580000)
  to   space 57344K, 0% used [0x00000000fc800000,0x00000000fc800000,0x0000000100000000)
 ParOldGen       total 220672K, used 118785K [0x00000000a0000000, 0x00000000ad780000, 0x00000000e0000000)
  object space 220672K, 53% used [0x00000000a0000000,0x00000000a74004b8,0x00000000ad780000)
 Metaspace       used 63331K, capacity 65548K, committed 65752K, reserved 1105920K
  class space    used 8420K, capacity 8953K, committed 8960K, reserved 1048576K
}
Event: 30.857 GC heap before
{Heap before GC invocations=15 (full 3):
 PSYoungGen      total 366080K, used 366050K [0x00000000e0000000, 0x0000000100000000, 0x0000000100000000)
  eden space 336896K, 100% used [0x00000000e0000000,0x00000000f4900000,0x00000000f4900000)
  from space 29184K, 99% used [0x00000000f4900000,0x00000000f65789f0,0x00000000f6580000)
  to   space 57344K, 0% used [0x00000000fc800000,0x00000000fc800000,0x0000000100000000)
 ParOldGen       total 220672K, used 118785K [0x00000000a0000000, 0x00000000ad780000, 0x00000000e0000000)
  object space 220672K, 53% used [0x00000000a0000000,0x00000000a74004b8,0x00000000ad780000)
 Metaspace       used 66702K, capacity 69106K, committed 69208K, reserved 1110016K
  class space    used 8795K, capacity 9341K, committed 9344K, reserved 1048576K
Event: 31.013 GC heap after
Heap after GC invocations=15 (full 3):
 PSYoungGen      total 364544K, used 57323K [0x00000000e0000000, 0x0000000100000000, 0x0000000100000000)
  eden space 307200K, 0% used [0x00000000e0000000,0x00000000e0000000,0x00000000f2c00000)
  from space 57344K, 99% used [0x00000000fc800000,0x00000000ffffaff0,0x0000000100000000)
  to   space 108544K, 0% used [0x00000000f2c00000,0x00000000f2c00000,0x00000000f9600000)
 ParOldGen       total 234496K, used 231774K [0x00000000a0000000, 0x00000000ae500000, 0x00000000e0000000)
  object space 234496K, 98% used [0x00000000a0000000,0x00000000ae2579d8,0x00000000ae500000)
 Metaspace       used 66702K, capacity 69106K, committed 69208K, reserved 1110016K
  class space    used 8795K, capacity 9341K, committed 9344K, reserved 1048576K
}
Event: 31.013 GC heap before
{Heap before GC invocations=16 (full 4):
 PSYoungGen      total 364544K, used 57323K [0x00000000e0000000, 0x0000000100000000, 0x0000000100000000)
  eden space 307200K, 0% used [0x00000000e0000000,0x00000000e0000000,0x00000000f2c00000)
  from space 57344K, 99% used [0x00000000fc800000,0x00000000ffffaff0,0x0000000100000000)
  to   space 108544K, 0% used [0x00000000f2c00000,0x00000000f2c00000,0x00000000f9600000)
 ParOldGen       total 234496K, used 231774K [0x00000000a0000000, 0x00000000ae500000, 0x00000000e0000000)
  object space 234496K, 98% used [0x00000000a0000000,0x00000000ae2579d8,0x00000000ae500000)
 Metaspace       used 66702K, capacity 69106K, committed 69208K, reserved 1110016K
  class space    used 8795K, capacity 9341K, committed 9344K, reserved 1048576K
Event: 31.756 GC heap after
Heap after GC invocations=16 (full 4):
 PSYoungGen      total 364544K, used 32050K [0x00000000e0000000, 0x0000000100000000, 0x0000000100000000)
  eden space 307200K, 0% used [0x00000000e0000000,0x00000000e0000000,0x00000000f2c00000)
  from space 57344K, 55% used [0x00000000fc800000,0x00000000fe74ca58,0x0000000100000000)
  to   space 108544K, 0% used [0x00000000f2c00000,0x00000000f2c00000,0x00000000f9600000)
 ParOldGen       total 514048K, used 234406K [0x00000000a0000000, 0x00000000bf600000, 0x00000000e0000000)
  object space 514048K, 45% used [0x00000000a0000000,0x00000000ae4e9ab0,0x00000000bf600000)
 Metaspace       used 66702K, capacity 69106K, committed 69208K, reserved 1110016K
  class space    used 8795K, capacity 9341K, committed 9344K, reserved 1048576K
}
Event: 35.063 GC heap before
{Heap before GC invocations=17 (full 4):
 PSYoungGen      total 364544K, used 339250K [0x00000000e0000000, 0x0000000100000000, 0x0000000100000000)
  eden space 307200K, 100% used [0x00000000e0000000,0x00000000f2c00000,0x00000000f2c00000)
  from space 57344K, 55% used [0x00000000fc800000,0x00000000fe74ca58,0x0000000100000000)
  to   space 108544K, 0% used [0x00000000f2c00000,0x00000000f2c00000,0x00000000f9600000)
 ParOldGen       total 514048K, used 234406K [0x00000000a0000000, 0x00000000bf600000, 0x00000000e0000000)
  object space 514048K, 45% used [0x00000000a0000000,0x00000000ae4e9ab0,0x00000000bf600000)
 Metaspace       used 68666K, capacity 71090K, committed 71384K, reserved 1112064K
  class space    used 8929K, capacity 9469K, committed 9472K, reserved 1048576K
Event: 35.129 GC heap after
Heap after GC invocations=17 (full 4):
 PSYoungGen      total 415744K, used 18963K [0x00000000e0000000, 0x0000000100000000, 0x0000000100000000)
  eden space 307200K, 0% used [0x00000000e0000000,0x00000000e0000000,0x00000000f2c00000)
  from space 108544K, 17% used [0x00000000f2c00000,0x00000000f3e84c00,0x00000000f9600000)
  to   space 104448K, 0% used [0x00000000f9a00000,0x00000000f9a00000,0x0000000100000000)
 ParOldGen       total 514048K, used 263824K [0x00000000a0000000, 0x00000000bf600000, 0x00000000e0000000)
  object space 514048K, 51% used [0x00000000a0000000,0x00000000b01a4268,0x00000000bf600000)
 Metaspace       used 68666K, capacity 71090K, committed 71384K, reserved 1112064K
  class space    used 8929K, capacity 9469K, committed 9472K, reserved 1048576K
}
Event: 37.801 GC heap before
{Heap before GC invocations=18 (full 4):
 PSYoungGen      total 415744K, used 326163K [0x00000000e0000000, 0x0000000100000000, 0x0000000100000000)
  eden space 307200K, 100% used [0x00000000e0000000,0x00000000f2c00000,0x00000000f2c00000)
  from space 108544K, 17% used [0x00000000f2c00000,0x00000000f3e84c00,0x00000000f9600000)
  to   space 104448K, 0% used [0x00000000f9a00000,0x00000000f9a00000,0x0000000100000000)
 ParOldGen       total 514048K, used 263824K [0x00000000a0000000, 0x00000000bf600000, 0x00000000e0000000)
  object space 514048K, 51% used [0x00000000a0000000,0x00000000b01a4268,0x00000000bf600000)
 Metaspace       used 68888K, capacity 71282K, committed 71384K, reserved 1112064K
  class space    used 8929K, capacity 9469K, committed 9472K, reserved 1048576K
Event: 37.835 GC heap after
Heap after GC invocations=18 (full 4):
 PSYoungGen      total 400384K, used 27479K [0x00000000e0000000, 0x00000000ff100000, 0x0000000100000000)
  eden space 311296K, 0% used [0x00000000e0000000,0x00000000e0000000,0x00000000f3000000)
  from space 89088K, 30% used [0x00000000f9a00000,0x00000000fb4d5e08,0x00000000ff100000)
  to   space 98816K, 0% used [0x00000000f3000000,0x00000000f3000000,0x00000000f9080000)
 ParOldGen       total 514048K, used 263832K [0x00000000a0000000, 0x00000000bf600000, 0x00000000e0000000)
  object space 514048K, 51% used [0x00000000a0000000,0x00000000b01a6268,0x00000000bf600000)
 Metaspace       used 68888K, capacity 71282K, committed 71384K, reserved 1112064K
  class space    used 8929K, capacity 9469K, committed 9472K, reserved 1048576K
}
Event: 42.108 GC heap before
{Heap before GC invocations=19 (full 4):
 PSYoungGen      total 400384K, used 338775K [0x00000000e0000000, 0x00000000ff100000, 0x0000000100000000)
  eden space 311296K, 100% used [0x00000000e0000000,0x00000000f3000000,0x00000000f3000000)
  from space 89088K, 30% used [0x00000000f9a00000,0x00000000fb4d5e08,0x00000000ff100000)
  to   space 98816K, 0% used [0x00000000f3000000,0x00000000f3000000,0x00000000f9080000)
 ParOldGen       total 514048K, used 263832K [0x00000000a0000000, 0x00000000bf600000, 0x00000000e0000000)
  object space 514048K, 51% used [0x00000000a0000000,0x00000000b01a6268,0x00000000bf600000)
 Metaspace       used 69488K, capacity 72040K, committed 72408K, reserved 1112064K
  class space    used 9001K, capacity 9618K, committed 9728K, reserved 1048576K

Deoptimization events (10 events):
Event: 41.180 Thread 0x000000001b26c800 Uncommon trap: reason=unstable_if action=reinterpret pc=0x00000000037a211c method=com.esotericsoftware.kryo.io.Output.writeBytes([BII)V @ 61
Event: 41.199 Thread 0x000000001b26c800 Uncommon trap: reason=unstable_if action=reinterpret pc=0x000000000566c68c method=java.io.BufferedOutputStream.write([BII)V @ 6
Event: 41.201 Thread 0x000000001b26c800 Uncommon trap: reason=unstable_if action=reinterpret pc=0x0000000004bac438 method=com.esotericsoftware.kryo.io.Output.writeBytes([BII)V @ 61
Event: 41.202 Thread 0x000000001b26c800 Uncommon trap: reason=unstable_if action=reinterpret pc=0x0000000005cb55dc method=java.io.BufferedOutputStream.write([BII)V @ 6
Event: 41.587 Thread 0x000000001ac15800 Uncommon trap: reason=unstable_if action=reinterpret pc=0x0000000004bd4868 method=java.lang.String.regionMatches(ILjava/lang/String;II)Z @ 39
Event: 41.843 Thread 0x000000001ac15800 Uncommon trap: reason=unstable_if action=reinterpret pc=0x0000000005e1774c method=java.io.ObjectStreamClass.writeNonProxy(Ljava/io/ObjectOutputStream;)V @ 77
Event: 41.853 Thread 0x000000001b249800 Uncommon trap: reason=unstable_if action=reinterpret pc=0x0000000004504164 method=sun.nio.fs.WindowsException.translateToIOException(Ljava/lang/String;Ljava/lang/String;)Ljava/io/IOException; @ 32
Event: 41.854 Thread 0x000000001b249800 Uncommon trap: reason=unstable_if action=reinterpret pc=0x0000000004504ae4 method=sun.nio.fs.WindowsException.translateToIOException(Ljava/lang/String;Ljava/lang/String;)Ljava/io/IOException; @ 32
Event: 41.873 Thread 0x000000001b248000 Uncommon trap: reason=unstable_if action=reinterpret pc=0x0000000003aa160c method=sun.nio.fs.WindowsPath.openForReadAttributeAccess(Z)J @ 4
Event: 41.975 Thread 0x000000001ac15800 Uncommon trap: reason=unstable_if action=reinterpret pc=0x0000000005e332d0 method=java.io.ObjectOutputStream.writeObject0(Ljava/lang/Object;Z)V @ 477

Classes redefined (0 events):
No events

Internal exceptions (10 events):
Event: 42.056 Thread 0x0000000022713000 Exception <a 'sun/nio/fs/WindowsException'> (0x00000000f0839ee0) thrown at [D:\src\AOSP-openjdk-cygwin\jdk8u\hotspot\src\share\vm\prims\jni.cpp, line 709]
Event: 42.060 Thread 0x0000000022711000 Exception <a 'sun/nio/fs/WindowsException'> (0x00000000f0f9e6b8) thrown at [D:\src\AOSP-openjdk-cygwin\jdk8u\hotspot\src\share\vm\prims\jni.cpp, line 709]
Event: 42.062 Thread 0x0000000022711000 Exception <a 'sun/nio/fs/WindowsException'> (0x00000000f0f9f0a8) thrown at [D:\src\AOSP-openjdk-cygwin\jdk8u\hotspot\src\share\vm\prims\jni.cpp, line 709]
Event: 42.081 Thread 0x0000000023b48000 Exception <a 'sun/nio/fs/WindowsException'> (0x00000000f199e758) thrown at [D:\src\AOSP-openjdk-cygwin\jdk8u\hotspot\src\share\vm\prims\jni.cpp, line 709]
Event: 42.082 Thread 0x0000000023b48000 Exception <a 'sun/nio/fs/WindowsException'> (0x00000000f199f0a8) thrown at [D:\src\AOSP-openjdk-cygwin\jdk8u\hotspot\src\share\vm\prims\jni.cpp, line 709]
Event: 42.083 Thread 0x000000001b249000 Exception <a 'sun/nio/fs/WindowsException'> (0x00000000e7770b98) thrown at [D:\src\AOSP-openjdk-cygwin\jdk8u\hotspot\src\share\vm\prims\jni.cpp, line 709]
Event: 42.089 Thread 0x0000000023990800 Exception <a 'sun/nio/fs/WindowsException'> (0x00000000e9ff09c8) thrown at [D:\src\AOSP-openjdk-cygwin\jdk8u\hotspot\src\share\vm\prims\jni.cpp, line 709]
Event: 42.089 Thread 0x0000000023990800 Exception <a 'sun/nio/fs/WindowsException'> (0x00000000e9ff1280) thrown at [D:\src\AOSP-openjdk-cygwin\jdk8u\hotspot\src\share\vm\prims\jni.cpp, line 709]
Event: 42.105 Thread 0x0000000023999000 Exception <a 'sun/nio/fs/WindowsException'> (0x00000000ea908de0) thrown at [D:\src\AOSP-openjdk-cygwin\jdk8u\hotspot\src\share\vm\prims\jni.cpp, line 709]
Event: 42.106 Thread 0x0000000023999000 Exception <a 'sun/nio/fs/WindowsException'> (0x00000000ea909698) thrown at [D:\src\AOSP-openjdk-cygwin\jdk8u\hotspot\src\share\vm\prims\jni.cpp, line 709]

Events (10 events):
Event: 42.069 Thread 0x0000000022711800 Thread added: 0x0000000022711800
Event: 42.072 Thread 0x0000000022712800 Thread added: 0x0000000022712800
Event: 42.074 Thread 0x0000000022714800 Thread added: 0x0000000022714800
Event: 42.077 Thread 0x0000000023b48000 Thread added: 0x0000000023b48000
Event: 42.080 Thread 0x0000000023b43800 Thread added: 0x0000000023b43800
Event: 42.092 Thread 0x0000000023b45000 Thread added: 0x0000000023b45000
Event: 42.095 Thread 0x0000000023b46000 Thread added: 0x0000000023b46000
Event: 42.098 Thread 0x0000000023b44800 Thread added: 0x0000000023b44800
Event: 42.101 Thread 0x0000000023b46800 Thread added: 0x0000000023b46800
Event: 42.108 Executing VM operation: ParallelGCFailedAllocation


Dynamic libraries:
0x00007ff6b9ae0000 - 0x00007ff6b9b11000 	C:\Program Files\Android\Android Studio\jre\bin\java.exe
0x00007ffccffb0000 - 0x00007ffcd0191000 	C:\WINDOWS\SYSTEM32\ntdll.dll
0x00007ffccfae0000 - 0x00007ffccfb92000 	C:\WINDOWS\System32\KERNEL32.DLL
0x00007ffccc490000 - 0x00007ffccc703000 	C:\WINDOWS\System32\KERNELBASE.dll
0x00007ffccf540000 - 0x00007ffccf5e1000 	C:\WINDOWS\System32\ADVAPI32.dll
0x00007ffccf5f0000 - 0x00007ffccf68e000 	C:\WINDOWS\System32\msvcrt.dll
0x00007ffccfe50000 - 0x00007ffccfeab000 	C:\WINDOWS\System32\sechost.dll
0x00007ffccefa0000 - 0x00007ffccf0c4000 	C:\WINDOWS\System32\RPCRT4.dll
0x00007ffcce9a0000 - 0x00007ffcceb30000 	C:\WINDOWS\System32\USER32.dll
0x00007ffccc710000 - 0x00007ffccc730000 	C:\WINDOWS\System32\win32u.dll
0x00007ffcce970000 - 0x00007ffcce998000 	C:\WINDOWS\System32\GDI32.dll
0x00007ffcccec0000 - 0x00007ffccd052000 	C:\WINDOWS\System32\gdi32full.dll
0x00007ffccd350000 - 0x00007ffccd3ef000 	C:\WINDOWS\System32\msvcp_win.dll
0x00007ffccd060000 - 0x00007ffccd15a000 	C:\WINDOWS\System32\ucrtbase.dll
0x00007ffcb0830000 - 0x00007ffcb0a99000 	C:\WINDOWS\WinSxS\amd64_microsoft.windows.common-controls_6595b64144ccf1df_6.0.17134.523_none_fb409dd930672a56\COMCTL32.dll
0x00007ffccf210000 - 0x00007ffccf532000 	C:\WINDOWS\System32\combase.dll
0x00007ffccc730000 - 0x00007ffccc7aa000 	C:\WINDOWS\System32\bcryptPrimitives.dll
0x00007ffccf180000 - 0x00007ffccf1ad000 	C:\WINDOWS\System32\IMM32.DLL
0x0000000055740000 - 0x0000000055812000 	C:\Program Files\Android\Android Studio\jre\jre\bin\msvcr100.dll
0x00000000549e0000 - 0x000000005521e000 	C:\Program Files\Android\Android Studio\jre\jre\bin\server\jvm.dll
0x00007ffccecf0000 - 0x00007ffccecf8000 	C:\WINDOWS\System32\PSAPI.DLL
0x00007ffcc6c00000 - 0x00007ffcc6c0a000 	C:\WINDOWS\SYSTEM32\VERSION.dll
0x00007ffcc7810000 - 0x00007ffcc7833000 	C:\WINDOWS\SYSTEM32\WINMM.dll
0x00007ffcb1c70000 - 0x00007ffcb1c79000 	C:\WINDOWS\SYSTEM32\WSOCK32.dll
0x00007ffcce900000 - 0x00007ffcce96c000 	C:\WINDOWS\System32\WS2_32.dll
0x00007ffcc7700000 - 0x00007ffcc772a000 	C:\WINDOWS\SYSTEM32\WINMMBASE.dll
0x00007ffccd3f0000 - 0x00007ffccd439000 	C:\WINDOWS\System32\cfgmgr32.dll
0x00007ffcc8410000 - 0x00007ffcc841f000 	C:\Program Files\Android\Android Studio\jre\jre\bin\verify.dll
0x00007ffcb2a10000 - 0x00007ffcb2a39000 	C:\Program Files\Android\Android Studio\jre\jre\bin\java.dll
0x00007ffcb6a90000 - 0x00007ffcb6aa6000 	C:\Program Files\Android\Android Studio\jre\jre\bin\zip.dll
0x00007ffccd4c0000 - 0x00007ffcce900000 	C:\WINDOWS\System32\SHELL32.dll
0x00007ffccf0d0000 - 0x00007ffccf179000 	C:\WINDOWS\System32\shcore.dll
0x00007ffccc7b0000 - 0x00007ffcccebd000 	C:\WINDOWS\System32\windows.storage.dll
0x00007ffccec90000 - 0x00007ffccece1000 	C:\WINDOWS\System32\shlwapi.dll
0x00007ffccc340000 - 0x00007ffccc351000 	C:\WINDOWS\System32\kernel.appcore.dll
0x00007ffccc360000 - 0x00007ffccc37f000 	C:\WINDOWS\System32\profapi.dll
0x00007ffccc2e0000 - 0x00007ffccc32c000 	C:\WINDOWS\System32\powrprof.dll
0x00007ffccc330000 - 0x00007ffccc33a000 	C:\WINDOWS\System32\FLTLIB.DLL
0x00007ffcb4440000 - 0x00007ffcb445a000 	C:\Program Files\Android\Android Studio\jre\jre\bin\net.dll
0x00007ffccba90000 - 0x00007ffccbaf6000 	C:\WINDOWS\system32\mswsock.dll
0x00007ffcb2940000 - 0x00007ffcb2951000 	C:\Program Files\Android\Android Studio\jre\jre\bin\nio.dll
0x00007ffcb7400000 - 0x00007ffcb741e000 	C:\Users\owner\.gradle\native\25\windows-amd64\native-platform.dll
0x00007ffcc6d10000 - 0x00007ffcc6d1d000 	C:\Program Files\Android\Android Studio\jre\jre\bin\management.dll
0x00007ffccc020000 - 0x00007ffccc037000 	C:\WINDOWS\SYSTEM32\CRYPTSP.dll
0x00007ffccb680000 - 0x00007ffccb6b3000 	C:\WINDOWS\system32\rsaenh.dll
0x00007ffccbff0000 - 0x00007ffccc015000 	C:\WINDOWS\SYSTEM32\bcrypt.dll
0x00007ffccc1f0000 - 0x00007ffccc218000 	C:\WINDOWS\SYSTEM32\USERENV.dll
0x00007ffccbbf0000 - 0x00007ffccbbfb000 	C:\WINDOWS\SYSTEM32\CRYPTBASE.dll
0x00007ffccb820000 - 0x00007ffccb858000 	C:\WINDOWS\SYSTEM32\IPHLPAPI.DLL
0x00007ffcceea0000 - 0x00007ffcceea8000 	C:\WINDOWS\System32\NSI.dll
0x00007ffcc7bd0000 - 0x00007ffcc7be6000 	C:\WINDOWS\SYSTEM32\dhcpcsvc6.DLL
0x00007ffcc7ba0000 - 0x00007ffcc7bba000 	C:\WINDOWS\SYSTEM32\dhcpcsvc.DLL
0x00007ffccb370000 - 0x00007ffccb3a1000 	C:\WINDOWS\SYSTEM32\ntmarta.dll
0x00007ffcc7220000 - 0x00007ffcc73e9000 	C:\WINDOWS\SYSTEM32\dbghelp.dll

VM Arguments:
jvm_args: -Xmx1536m -Dfile.encoding=windows-1252 -Duser.country=US -Duser.language=en -Duser.variant 
java_command: org.gradle.launcher.daemon.bootstrap.GradleDaemon 4.1
java_class_path (initial): C:\Users\owner\.gradle\wrapper\dists\gradle-4.1-all\bzyivzo6n839fup2jbap0tjew\gradle-4.1\lib\gradle-launcher-4.1.jar
Launcher Type: SUN_STANDARD

Environment Variables:
JAVA_HOME=C:\Program Files (x86)\Java\jdk1.8.0_92
CLASSPATH=.;
PATH=C:\Ruby25-x64\bin;C:\Python27\;C:\Python27\Scripts;C:\Program Files (x86)\ImageMagick-6.6.3-Q16;C:\Program Files (x86)\Embarcadero\Studio\19.0\bin;C:\Users\Public\Documents\Embarcadero\Studio\19.0\Bpl;C:\Program Files (x86)\Embarcadero\Studio\19.0\bin64;C:\Users\Public\Documents\Embarcadero\Studio\19.0\Bpl\Win64;C:\ProgramData\Oracle\Java\javapath;C:\WINDOWS\system32;C:\WINDOWS;C:\WINDOWS\System32\Wbem;C:\WINDOWS\System32\WindowsPowerShell\v1.0\;C:\Program Files (x86)\Java\jdk1.8.0_92\bin;C:\Program Files\Android\Android Studio\gradle\gradle-2.2.1\bin;C:\Users\owner\AppData\Local\Android\sdk\platform-tools;C:\WINDOWS\system32\config\systemprofile\.dnx\bin;C:\Program Files\Microsoft DNX\Dnvm\;C:\Program Files\Microsoft SQL Server\130\Tools\Binn\;C:\Program Files (x86)\GtkSharp\2.12\bin;C:\Program Files (x86)\Windows Kits\10\Windows Performance Toolkit\;C:\Program Files\dotnet\;C:\Windows\SysWOW64\;C:\Program Files (x86)\Embarcadero\HTML5 Builder\6.0\apache-ant-1.8.2\bin;C:\Program Files\IDM Computer Solutions\UltraEdit;C:\Program Files\IDM Computer Solutions\UltraCompare;C:\Program Files\TortoiseSVN\bin;C:\Program Files\apache-maven-3.5.2\bin;C:\Servers\xampp\mysql\bin;C:\Servers\xampp\php;C:\Program Files\Git\cmd;C:\ProgramData\chocolatey\bin;C:\Program Files\Java\jdk1.8.0_162\bin;C:\flutter\bin;;C:\WINDOWS\System32\OpenSSH\;C:\Program Files\Dart\dart-sdk\bin;C:\Program Files\nodejs\;C:\Program Files (x86)\Gpg4win\..\GnuPG\bin;C:\Servers\xampp\htdocs;C:\RailsInstaller\Git\cmd;C:\RailsInstaller\Ruby2.3.3\bin;C:\Users\owner\AppData\Local\Microsoft\WindowsApps;C:\Users\owner\AppData\Roaming\npm;C:\Users\owner\AppData\Local\atom\bin;C:\Program Files\heroku\bin;C:\Users\owner\AppData\Roaming\Composer\vendor\bin;C:\Users\owner\AppData\Local\GitHubDesktop\bin
USERNAME=myron
OS=Windows_NT
PROCESSOR_IDENTIFIER=AMD64 Family 21 Model 2 Stepping 0, AuthenticAMD



---------------  S Y S T E M  ---------------

OS: Windows 10.0 , 64 bit Build 17134 (10.0.17134.1)

CPU:total 8 (initial active 8) (8 cores per cpu, 1 threads per core) family 21 model 2 stepping 0, cmov, cx8, fxsr, mmx, sse, sse2, sse3, ssse3, sse4.1, sse4.2, popcnt, avx, aes, clmul, mmxext, 3dnowpref, lzcnt, sse4a, tsc, tscinvbit, tscinv, bmi1

Memory: 4k page, physical 16758324k(7339976k free), swap 20854324k(5270088k free)

vm_info: OpenJDK 64-Bit Server VM (25.152-b01) for windows-amd64 JRE (1.8.0_152-release-915-b01), built by "builder" with MS VC++ 10.0 (VS2010)

time: Mon Feb 04 22:50:32 2019
elapsed time: 42 seconds (0d 0h 0m 42s)

