#
# A fatal error has been detected by the Java Runtime Environment:
#
#  EXCEPTION_ACCESS_VIOLATION (0xc0000005) at pc=0x0000000054b034ba, pid=22320, tid=0x00000000000028b0
#
# JRE version: OpenJDK Runtime Environment (8.0_152-b01) (build 1.8.0_152-release-915-b01)
# Java VM: OpenJDK 64-Bit Server VM (25.152-b01 mixed mode windows-amd64 compressed oops)
# Problematic frame:
# V  [jvm.dll+0x3c34ba]
#
# Failed to write core dump. Minidumps are not enabled by default on client versions of Windows
#
# If you would like to submit a bug report, please visit:
#   http://bugreport.java.com/bugreport/crash.jsp
#

---------------  T H R E A D  ---------------

Current thread (0x0000000002ed8000):  GCTaskThread [stack: 0x0000000012890000,0x0000000012990000] [id=10416]

siginfo: ExceptionCode=0xc0000005, reading address 0x0000000200000109

Registers:
RAX=0x0000000200000001, RBX=0x00000000000052bb, RCX=0x000000010000c288, RDX=0x0000000002fb6b50
RSP=0x000000001298f510, RBP=0x0000000000000000, RSI=0x0000000002fb6b50, RDI=0x0000000000000000
R8 =0x00000000c8006df8, R9 =0x000000010000c288, R10=0x000000000000000c, R11=0x0000000000000000
R12=0x0000000054d53768, R13=0x0000000002ece0f0, R14=0x0000000002ed82f0, R15=0x0000000000000000
RIP=0x0000000054b034ba, EFLAGS=0x0000000000010206

Top of Stack: (sp=0x000000001298f510)
0x000000001298f510:   0000000002fb6b50 0000000000000000
0x000000001298f520:   0000000054d53768 0000000054d53768
0x000000001298f530:   00000000cad44b20 0000000054b073b8
0x000000001298f540:   0000000054f03950 0000000000000005
0x000000001298f550:   0000000000000000 0000000054854bc9
0x000000001298f560:   00000000c4f703d4 000000005482ef56
0x000000001298f570:   00000000cad44b20 0000000002ece0f0
0x000000001298f580:   0000000002ed8300 0000000002ed82f0
0x000000001298f590:   0000000054d53768 0000000000000000
0x000000001298f5a0:   0000000018e4cc10 0000000000000000
0x000000001298f5b0:   0000000002fb6b50 0000000054b00e6f
0x000000001298f5c0:   00000000c8006df8 0000000000000000
0x000000001298f5d0:   0000000018e4cc10 0000000054d53768
0x000000001298f5e0:   00000000b2d793f8 0000000000000200
0x000000001298f5f0:   0000000018e4cc10 0000000054afe2ce
0x000000001298f600:   00000000189fc5a4 0000000002ed8000 

Instructions: (pc=0x0000000054b034ba)
0x0000000054b0349a:   00 74 28 8b 0d b5 71 39 00 45 8b 48 08 48 8b d6
0x0000000054b034aa:   49 d3 e1 4c 03 0d 9c 71 39 00 49 8b c9 49 8b 01
0x0000000054b034ba:   ff 90 08 01 00 00 e9 1b ff ff ff 4d 8b 48 08 48
0x0000000054b034ca:   8b d6 49 8b 01 49 8b c9 ff 90 08 01 00 00 e9 03 


Register to memory mapping:

RAX=0x0000000200000001 is an unknown value
RBX=0x00000000000052bb is an unknown value
RCX=0x000000010000c288 is pointing into metadata
RDX=0x0000000002fb6b50 is an unknown value
RSP=0x000000001298f510 is an unknown value
RBP=0x0000000000000000 is an unknown value
RSI=0x0000000002fb6b50 is an unknown value
RDI=0x0000000000000000 is an unknown value
R8 =0x00000000c8006df8 is an oop

[error occurred during error reporting (printing register info), id 0xc0000005]

Stack: [0x0000000012890000,0x0000000012990000],  sp=0x000000001298f510,  free space=1021k
Native frames: (J=compiled Java code, j=interpreted, Vv=VM code, C=native code)


---------------  P R O C E S S  ---------------

Java Threads: ( => current thread )
  0x0000000028686000 JavaThread "pool-27-thread-4" [_thread_blocked, id=7360, stack(0x000000005ba00000,0x000000005bb00000)]
  0x000000002868c000 JavaThread "pool-27-thread-3" [_thread_blocked, id=13076, stack(0x000000005b900000,0x000000005ba00000)]
  0x000000002868a800 JavaThread "pool-27-thread-2" [_thread_blocked, id=20956, stack(0x000000005b800000,0x000000005b900000)]
  0x000000002867e000 JavaThread "pool-28-thread-1" [_thread_blocked, id=21884, stack(0x000000005b700000,0x000000005b800000)]
  0x0000000028684800 JavaThread "pool-27-thread-1" [_thread_blocked, id=6428, stack(0x000000005b600000,0x000000005b700000)]
  0x0000000028684000 JavaThread "pool-6-thread-3" [_thread_blocked, id=25508, stack(0x000000005b500000,0x000000005b600000)]
  0x0000000028adb000 JavaThread "Task worker for ':' Thread 7" [_thread_blocked, id=15504, stack(0x0000000057000000,0x0000000057100000)]
  0x0000000028ad4000 JavaThread "Task worker for ':' Thread 6" [_thread_blocked, id=5228, stack(0x0000000056f00000,0x0000000057000000)]
  0x0000000028ace000 JavaThread "Task worker for ':' Thread 5" [_thread_blocked, id=9028, stack(0x0000000056e00000,0x0000000056f00000)]
  0x0000000028ad2800 JavaThread "Task worker for ':' Thread 4" [_thread_blocked, id=23080, stack(0x0000000056d00000,0x0000000056e00000)]
  0x0000000028acf000 JavaThread "Task worker for ':' Thread 3" [_thread_blocked, id=404, stack(0x0000000056c00000,0x0000000056d00000)]
  0x0000000028acd800 JavaThread "Task worker for ':' Thread 2" [_thread_blocked, id=13184, stack(0x0000000056890000,0x0000000056990000)]
  0x0000000028acc000 JavaThread "Task worker for ':'" [_thread_blocked, id=25560, stack(0x0000000056790000,0x0000000056890000)]
  0x0000000028acb000 JavaThread "Cache worker for task history cache (C:\Users\owner\AndroidstudioProjects\AutoAccidentReport\.gradle\4.1\taskHistory)" [_thread_blocked, id=17328, stack(0x0000000056690000,0x0000000056790000)]
  0x0000000028aca800 JavaThread "Cache worker for file content cache (C:\Users\owner\AndroidstudioProjects\AutoAccidentReport\.gradle\4.1\fileContent)" [_thread_blocked, id=5192, stack(0x0000000056590000,0x0000000056690000)]
  0x0000000028ac2000 JavaThread "build operations Thread 8" [_thread_blocked, id=19072, stack(0x0000000056490000,0x0000000056590000)]
  0x0000000028ac6800 JavaThread "build operations Thread 7" [_thread_blocked, id=13900, stack(0x0000000056390000,0x0000000056490000)]
  0x0000000028ac6000 JavaThread "build operations Thread 6" [_thread_blocked, id=17760, stack(0x0000000056290000,0x0000000056390000)]
  0x0000000028ac4800 JavaThread "build operations Thread 5" [_thread_blocked, id=1096, stack(0x0000000056190000,0x0000000056290000)]
  0x0000000028ac9000 JavaThread "build operations Thread 4" [_thread_blocked, id=3896, stack(0x0000000056090000,0x0000000056190000)]
  0x0000000028ac8000 JavaThread "build operations Thread 3" [_thread_blocked, id=19472, stack(0x0000000055f90000,0x0000000056090000)]
  0x0000000028ac3800 JavaThread "build operations Thread 2" [_thread_blocked, id=5048, stack(0x0000000055e90000,0x0000000055f90000)]
  0x0000000028ac3000 JavaThread "build operations" [_thread_blocked, id=4972, stack(0x0000000055d90000,0x0000000055e90000)]
  0x0000000028ac5000 JavaThread "Cache worker for Artifact transforms cache (C:\Users\owner\.gradle\caches\transforms-1)" [_thread_blocked, id=7656, stack(0x0000000055c90000,0x0000000055d90000)]
  0x0000000028aba800 JavaThread "Cache worker for file hash cache (C:\Users\owner\AndroidstudioProjects\AutoAccidentReport\.gradle\4.1\fileHashes)" [_thread_blocked, id=24080, stack(0x0000000055b90000,0x0000000055c90000)]
  0x0000000028ac0000 JavaThread "Asynchronous log dispatcher for DefaultDaemonConnection: socket connection from /127.0.0.1:63241 to /127.0.0.1:59246" [_thread_blocked, id=20144, stack(0x0000000055990000,0x0000000055a90000)]
  0x0000000028ab7800 JavaThread "Daemon worker Thread 8" [_thread_blocked, id=20796, stack(0x0000000055780000,0x0000000055880000)]
  0x0000000028ab7000 JavaThread "Cancel handler" [_thread_blocked, id=20812, stack(0x0000000055680000,0x0000000055780000)]
  0x0000000028abb800 JavaThread "Handler for socket connection from /127.0.0.1:63241 to /127.0.0.1:59246" [_thread_in_native, id=19168, stack(0x0000000055580000,0x0000000055680000)]
  0x0000000028ab6000 JavaThread "Daemon Thread 8" [_thread_blocked, id=16024, stack(0x0000000055480000,0x0000000055580000)]
  0x0000000028ac0800 JavaThread "pool-6-thread-2" [_thread_blocked, id=2956, stack(0x0000000050200000,0x0000000050300000)]
  0x0000000028683000 JavaThread "pool-6-thread-1" [_thread_blocked, id=18996, stack(0x0000000061200000,0x0000000061300000)]
  0x0000000028681800 JavaThread "Tasks limiter_4" daemon [_thread_blocked, id=25052, stack(0x0000000061100000,0x0000000061200000)]
  0x0000000028680000 JavaThread "Tasks limiter_3" daemon [_thread_blocked, id=9092, stack(0x0000000061000000,0x0000000061100000)]
  0x000000002867f800 JavaThread "Tasks limiter_2" daemon [_thread_blocked, id=6972, stack(0x0000000060f00000,0x0000000061000000)]
  0x000000002867a000 JavaThread "Tasks limiter_1" daemon [_thread_blocked, id=25164, stack(0x0000000060e00000,0x0000000060f00000)]
  0x000000001dd66000 JavaThread "Memory manager" [_thread_blocked, id=19948, stack(0x0000000021690000,0x0000000021790000)]
  0x000000001dd6c800 JavaThread "pool-1-thread-1" [_thread_blocked, id=4360, stack(0x0000000021390000,0x0000000021490000)]
  0x000000001ada0000 JavaThread "File lock request listener" [_thread_in_native, id=252, stack(0x000000001d450000,0x000000001d550000)]
  0x000000001ad9f800 JavaThread "Cache worker for file hash cache (C:\Users\owner\.gradle\caches\4.1\fileHashes)" [_thread_blocked, id=1328, stack(0x000000001d350000,0x000000001d450000)]
  0x000000001a98b800 JavaThread "Daemon periodic checks" [_thread_blocked, id=24944, stack(0x000000001c950000,0x000000001ca50000)]
  0x000000001a988000 JavaThread "Incoming local TCP Connector on port 63241" [_thread_in_native, id=22452, stack(0x000000001c710000,0x000000001c810000)]
  0x0000000018d09800 JavaThread "Service Thread" daemon [_thread_blocked, id=9460, stack(0x0000000019830000,0x0000000019930000)]
  0x0000000018c7e800 JavaThread "C1 CompilerThread3" daemon [_thread_blocked, id=8488, stack(0x0000000019730000,0x0000000019830000)]
  0x0000000018c7a000 JavaThread "C2 CompilerThread2" daemon [_thread_blocked, id=2384, stack(0x0000000019630000,0x0000000019730000)]
  0x0000000018c72000 JavaThread "C2 CompilerThread1" daemon [_thread_blocked, id=20548, stack(0x0000000019530000,0x0000000019630000)]
  0x0000000018c6f000 JavaThread "C2 CompilerThread0" daemon [_thread_blocked, id=9244, stack(0x0000000019430000,0x0000000019530000)]
  0x0000000018c6a000 JavaThread "Attach Listener" daemon [_thread_blocked, id=25088, stack(0x0000000019330000,0x0000000019430000)]
  0x0000000018c67000 JavaThread "Signal Dispatcher" daemon [_thread_blocked, id=8336, stack(0x0000000019230000,0x0000000019330000)]
  0x0000000018c60800 JavaThread "Finalizer" daemon [_thread_blocked, id=7896, stack(0x0000000019040000,0x0000000019140000)]
  0x0000000002fba000 JavaThread "Reference Handler" daemon [_thread_blocked, id=17536, stack(0x0000000018b40000,0x0000000018c40000)]
  0x0000000002ec2800 JavaThread "main" [_thread_blocked, id=10392, stack(0x0000000002dc0000,0x0000000002ec0000)]

Other Threads:
  0x0000000016d75800 VMThread [stack: 0x0000000018a40000,0x0000000018b40000] [id=1468]
  0x0000000018d0a800 WatcherThread [stack: 0x0000000019930000,0x0000000019a30000] [id=25232]

=>0x0000000002ed8000 (exited) GCTaskThread [stack: 0x0000000012890000,0x0000000012990000] [id=10416]

VM state:at safepoint (normal execution)

VM Mutex/Monitor currently owned by a thread:  ([mutex/lock_event])
[0x0000000002dbe450] Threads_lock - owner thread: 0x0000000016d75800
[0x0000000002dbe250] Heap_lock - owner thread: 0x000000002868a800

Heap:
 PSYoungGen      total 235008K, used 59797K [0x00000000e0000000, 0x00000000fee00000, 0x0000000100000000)
  eden space 175104K, 0% used [0x00000000e0000000,0x00000000e0000000,0x00000000eab00000)
  from space 59904K, 99% used [0x00000000eab00000,0x00000000ee5655b8,0x00000000ee580000)
  to   space 165376K, 0% used [0x00000000f4c80000,0x00000000f4c80000,0x00000000fee00000)
 ParOldGen       total 1048576K, used 1007440K [0x00000000a0000000, 0x00000000e0000000, 0x00000000e0000000)
  object space 1048576K, 96% used [0x00000000a0000000,0x00000000dd7d4360,0x00000000e0000000)
 Metaspace       used 134558K, capacity 142636K, committed 143360K, reserved 1175552K
  class space    used 15897K, capacity 17703K, committed 17920K, reserved 1048576K

Card table byte_map: [0x0000000012380000,0x0000000012690000] byte_map_base: 0x0000000011e80000

Marking Bits: (ParMarkBitMap*) 0x0000000054f03950
 Begin Bits: [0x0000000013090000, 0x0000000014890000)
 End Bits:   [0x0000000014890000, 0x0000000016090000)

Polling page: 0x0000000000f40000

CodeCache: size=245760Kb used=140322Kb max_used=142328Kb free=105437Kb
 bounds [0x0000000002fc0000, 0x000000000bc00000, 0x0000000011fc0000]
 total_blobs=34953 nmethods=34015 adapters=846
 compilation: enabled

Compilation events (10 events):
Event: 7559.051 Thread 0x0000000018c7a000 52411       4       com.android.dx.rop.code.FillArrayDataInsn::accept (8 bytes)
Event: 7559.052 Thread 0x0000000018c7a000 nmethod 52411 0x000000000ad26d10 code [0x000000000ad26e40, 0x000000000ad26eb8]
Event: 7559.254 Thread 0x0000000018c6f000 52412       4       java.util.HashMap$TreeNode::putTreeVal (314 bytes)
Event: 7559.292 Thread 0x0000000018c6f000 nmethod 52412 0x0000000008033d50 code [0x0000000008033fa0, 0x0000000008035630]
Event: 7560.828 Thread 0x0000000018c72000 52413       4       com.android.dx.rop.type.StdTypeList::withAddedType (55 bytes)
Event: 7560.834 Thread 0x0000000018c72000 nmethod 52413 0x0000000006507690 code [0x00000000065077e0, 0x0000000006507ad8]
Event: 7560.900 Thread 0x0000000018c7a000 52414       4       com.android.dx.cf.code.BasicBlocker::visitSwitch (64 bytes)
Event: 7560.901 Thread 0x0000000018c6f000 52415       4       com.android.dx.dex.code.RopTranslator$TranslationVisitor::visitSwitchInsn (237 bytes)
Event: 7560.912 Thread 0x0000000018c7a000 nmethod 52414 0x000000000314d690 code [0x000000000314d800, 0x000000000314dd58]
Event: 7561.054 Thread 0x0000000018c6f000 nmethod 52415 0x000000000ba93350 code [0x000000000ba93620, 0x000000000ba95bb8]

GC Heap History (10 events):
Event: 7564.144 GC heap after
Heap after GC invocations=591 (full 19):
 PSYoungGen      total 349696K, used 22651K [0x00000000e0000000, 0x0000000100000000, 0x0000000100000000)
  eden space 175104K, 0% used [0x00000000e0000000,0x00000000e0000000,0x00000000eab00000)
  from space 174592K, 12% used [0x00000000eab00000,0x00000000ec11efe0,0x00000000f5580000)
  to   space 174592K, 0% used [0x00000000f5580000,0x00000000f5580000,0x0000000100000000)
 ParOldGen       total 1048576K, used 924683K [0x00000000a0000000, 0x00000000e0000000, 0x00000000e0000000)
  object space 1048576K, 88% used [0x00000000a0000000,0x00000000d8702d38,0x00000000e0000000)
 Metaspace       used 134558K, capacity 142636K, committed 143360K, reserved 1175552K
  class space    used 15897K, capacity 17703K, committed 17920K, reserved 1048576K
}
Event: 7564.310 GC heap before
{Heap before GC invocations=592 (full 19):
 PSYoungGen      total 349696K, used 197755K [0x00000000e0000000, 0x0000000100000000, 0x0000000100000000)
  eden space 175104K, 100% used [0x00000000e0000000,0x00000000eab00000,0x00000000eab00000)
  from space 174592K, 12% used [0x00000000eab00000,0x00000000ec11efe0,0x00000000f5580000)
  to   space 174592K, 0% used [0x00000000f5580000,0x00000000f5580000,0x0000000100000000)
 ParOldGen       total 1048576K, used 924683K [0x00000000a0000000, 0x00000000e0000000, 0x00000000e0000000)
  object space 1048576K, 88% used [0x00000000a0000000,0x00000000d8702d38,0x00000000e0000000)
 Metaspace       used 134558K, capacity 142636K, committed 143360K, reserved 1175552K
  class space    used 15897K, capacity 17703K, committed 17920K, reserved 1048576K
Event: 7564.354 GC heap after
Heap after GC invocations=592 (full 19):
 PSYoungGen      total 349696K, used 28078K [0x00000000e0000000, 0x0000000100000000, 0x0000000100000000)
  eden space 175104K, 0% used [0x00000000e0000000,0x00000000e0000000,0x00000000eab00000)
  from space 174592K, 16% used [0x00000000f5580000,0x00000000f70ebac8,0x0000000100000000)
  to   space 174592K, 0% used [0x00000000eab00000,0x00000000eab00000,0x00000000f5580000)
 ParOldGen       total 1048576K, used 944692K [0x00000000a0000000, 0x00000000e0000000, 0x00000000e0000000)
  object space 1048576K, 90% used [0x00000000a0000000,0x00000000d9a8d140,0x00000000e0000000)
 Metaspace       used 134558K, capacity 142636K, committed 143360K, reserved 1175552K
  class space    used 15897K, capacity 17703K, committed 17920K, reserved 1048576K
}
Event: 7564.682 GC heap before
{Heap before GC invocations=593 (full 19):
 PSYoungGen      total 349696K, used 203182K [0x00000000e0000000, 0x0000000100000000, 0x0000000100000000)
  eden space 175104K, 100% used [0x00000000e0000000,0x00000000eab00000,0x00000000eab00000)
  from space 174592K, 16% used [0x00000000f5580000,0x00000000f70ebac8,0x0000000100000000)
  to   space 174592K, 0% used [0x00000000eab00000,0x00000000eab00000,0x00000000f5580000)
 ParOldGen       total 1048576K, used 944692K [0x00000000a0000000, 0x00000000e0000000, 0x00000000e0000000)
  object space 1048576K, 90% used [0x00000000a0000000,0x00000000d9a8d140,0x00000000e0000000)
 Metaspace       used 134558K, capacity 142636K, committed 143360K, reserved 1175552K
  class space    used 15897K, capacity 17703K, committed 17920K, reserved 1048576K
Event: 7564.722 GC heap after
Heap after GC invocations=593 (full 19):
 PSYoungGen      total 349696K, used 16648K [0x00000000e0000000, 0x0000000100000000, 0x0000000100000000)
  eden space 175104K, 0% used [0x00000000e0000000,0x00000000e0000000,0x00000000eab00000)
  from space 174592K, 9% used [0x00000000eab00000,0x00000000ebb42128,0x00000000f5580000)
  to   space 174592K, 0% used [0x00000000f5580000,0x00000000f5580000,0x0000000100000000)
 ParOldGen       total 1048576K, used 965773K [0x00000000a0000000, 0x00000000e0000000, 0x00000000e0000000)
  object space 1048576K, 92% used [0x00000000a0000000,0x00000000daf237b0,0x00000000e0000000)
 Metaspace       used 134558K, capacity 142636K, committed 143360K, reserved 1175552K
  class space    used 15897K, capacity 17703K, committed 17920K, reserved 1048576K
}
Event: 7564.879 GC heap before
{Heap before GC invocations=594 (full 19):
 PSYoungGen      total 349696K, used 191752K [0x00000000e0000000, 0x0000000100000000, 0x0000000100000000)
  eden space 175104K, 100% used [0x00000000e0000000,0x00000000eab00000,0x00000000eab00000)
  from space 174592K, 9% used [0x00000000eab00000,0x00000000ebb42128,0x00000000f5580000)
  to   space 174592K, 0% used [0x00000000f5580000,0x00000000f5580000,0x0000000100000000)
 ParOldGen       total 1048576K, used 965773K [0x00000000a0000000, 0x00000000e0000000, 0x00000000e0000000)
  object space 1048576K, 92% used [0x00000000a0000000,0x00000000daf237b0,0x00000000e0000000)
 Metaspace       used 134558K, capacity 142636K, committed 143360K, reserved 1175552K
  class space    used 15897K, capacity 17703K, committed 17920K, reserved 1048576K
Event: 7564.915 GC heap after
Heap after GC invocations=594 (full 19):
 PSYoungGen      total 349696K, used 31283K [0x00000000e0000000, 0x0000000100000000, 0x0000000100000000)
  eden space 175104K, 0% used [0x00000000e0000000,0x00000000e0000000,0x00000000eab00000)
  from space 174592K, 17% used [0x00000000f5580000,0x00000000f740cc40,0x0000000100000000)
  to   space 174592K, 0% used [0x00000000eab00000,0x00000000eab00000,0x00000000f5580000)
 ParOldGen       total 1048576K, used 981767K [0x00000000a0000000, 0x00000000e0000000, 0x00000000e0000000)
  object space 1048576K, 93% used [0x00000000a0000000,0x00000000dbec1e28,0x00000000e0000000)
 Metaspace       used 134558K, capacity 142636K, committed 143360K, reserved 1175552K
  class space    used 15897K, capacity 17703K, committed 17920K, reserved 1048576K
}
Event: 7565.542 GC heap before
{Heap before GC invocations=595 (full 19):
 PSYoungGen      total 349696K, used 206387K [0x00000000e0000000, 0x0000000100000000, 0x0000000100000000)
  eden space 175104K, 100% used [0x00000000e0000000,0x00000000eab00000,0x00000000eab00000)
  from space 174592K, 17% used [0x00000000f5580000,0x00000000f740cc40,0x0000000100000000)
  to   space 174592K, 0% used [0x00000000eab00000,0x00000000eab00000,0x00000000f5580000)
 ParOldGen       total 1048576K, used 981767K [0x00000000a0000000, 0x00000000e0000000, 0x00000000e0000000)
  object space 1048576K, 93% used [0x00000000a0000000,0x00000000dbec1e28,0x00000000e0000000)
 Metaspace       used 134558K, capacity 142636K, committed 143360K, reserved 1175552K
  class space    used 15897K, capacity 17703K, committed 17920K, reserved 1048576K
Event: 7565.602 GC heap after
Heap after GC invocations=595 (full 19):
 PSYoungGen      total 235008K, used 59797K [0x00000000e0000000, 0x00000000fee00000, 0x0000000100000000)
  eden space 175104K, 0% used [0x00000000e0000000,0x00000000e0000000,0x00000000eab00000)
  from space 59904K, 99% used [0x00000000eab00000,0x00000000ee5655b8,0x00000000ee580000)
  to   space 165376K, 0% used [0x00000000f4c80000,0x00000000f4c80000,0x00000000fee00000)
 ParOldGen       total 1048576K, used 1007440K [0x00000000a0000000, 0x00000000e0000000, 0x00000000e0000000)
  object space 1048576K, 96% used [0x00000000a0000000,0x00000000dd7d4360,0x00000000e0000000)
 Metaspace       used 134558K, capacity 142636K, committed 143360K, reserved 1175552K
  class space    used 15897K, capacity 17703K, committed 17920K, reserved 1048576K
}
Event: 7565.602 GC heap before
{Heap before GC invocations=596 (full 20):
 PSYoungGen      total 235008K, used 59797K [0x00000000e0000000, 0x00000000fee00000, 0x0000000100000000)
  eden space 175104K, 0% used [0x00000000e0000000,0x00000000e0000000,0x00000000eab00000)
  from space 59904K, 99% used [0x00000000eab00000,0x00000000ee5655b8,0x00000000ee580000)
  to   space 165376K, 0% used [0x00000000f4c80000,0x00000000f4c80000,0x00000000fee00000)
 ParOldGen       total 1048576K, used 1007440K [0x00000000a0000000, 0x00000000e0000000, 0x00000000e0000000)
  object space 1048576K, 96% used [0x00000000a0000000,0x00000000dd7d4360,0x00000000e0000000)
 Metaspace       used 134558K, capacity 142636K, committed 143360K, reserved 1175552K
  class space    used 15897K, capacity 17703K, committed 17920K, reserved 1048576K

Deoptimization events (10 events):
Event: 7354.333 Thread 0x0000000028ad4000 Uncommon trap: reason=bimorphic action=maybe_recompile pc=0x0000000008f6242c method=java.io.ObjectInputStream$PeekInputStream.read()I @ 23
Event: 7354.333 Thread 0x0000000028ad4000 Uncommon trap: reason=bimorphic action=maybe_recompile pc=0x0000000004f28d40 method=java.io.ObjectInputStream$PeekInputStream.read()I @ 23
Event: 7354.333 Thread 0x0000000028ad4000 Uncommon trap: reason=bimorphic action=maybe_recompile pc=0x0000000004f28d40 method=java.io.ObjectInputStream$PeekInputStream.read()I @ 23
Event: 7354.333 Thread 0x0000000028ad4000 Uncommon trap: reason=bimorphic action=maybe_recompile pc=0x0000000004f28d40 method=java.io.ObjectInputStream$PeekInputStream.read()I @ 23
Event: 7354.333 Thread 0x0000000028ad4000 Uncommon trap: reason=unstable_if action=reinterpret pc=0x0000000008f1d528 method=java.io.ObjectInputStream.isCustomSubclass()Z @ 12
Event: 7354.334 Thread 0x0000000028ad4000 Uncommon trap: reason=bimorphic action=maybe_recompile pc=0x0000000008f6242c method=java.io.ObjectInputStream$PeekInputStream.read()I @ 23
Event: 7354.367 Thread 0x0000000028ad4000 Uncommon trap: reason=class_check action=maybe_recompile pc=0x000000000a24197c method=com.android.build.gradle.internal.pipeline.IntermediateFolderUtils.getContentLocation(Ljava/lang/String;Ljava/util/Set;Ljava/util/Set;Lcom/android/build/api/transform/Fo
Event: 7357.581 Thread 0x0000000028ad4000 Uncommon trap: reason=unstable_if action=reinterpret pc=0x0000000008ef4174 method=java.io.ObjectOutputStream$BlockDataOutputStream.writeBytes(Ljava/lang/String;)V @ 22
Event: 7359.963 Thread 0x0000000028680000 Uncommon trap: reason=class_check action=maybe_recompile pc=0x000000000a24195c method=com.android.build.gradle.internal.pipeline.IntermediateFolderUtils.getContentLocation(Ljava/lang/String;Ljava/util/Set;Ljava/util/Set;Lcom/android/build/api/transform/Fo
Event: 7557.375 Thread 0x000000002868c000 Uncommon trap: reason=class_check action=maybe_recompile pc=0x00000000061dfd5c method=com.android.dx.ssa.SCCP.simulateBranch(Lcom/android/dx/ssa/SsaInsn;)V @ 339

Classes redefined (0 events):
No events

Internal exceptions (10 events):
Event: 7303.165 Thread 0x0000000028ada000 Exception <a 'sun/nio/fs/WindowsException'> (0x00000000e3bd6b68) thrown at [D:\src\AOSP-openjdk-cygwin\jdk8u\hotspot\src\share\vm\prims\jni.cpp, line 709]
Event: 7303.167 Thread 0x0000000028ae8000 Exception <a 'sun/nio/fs/WindowsException'> (0x00000000e4540cc8) thrown at [D:\src\AOSP-openjdk-cygwin\jdk8u\hotspot\src\share\vm\prims\jni.cpp, line 709]
Event: 7303.167 Thread 0x0000000028ae5800 Exception <a 'sun/nio/fs/WindowsException'> (0x00000000e42fff30) thrown at [D:\src\AOSP-openjdk-cygwin\jdk8u\hotspot\src\share\vm\prims\jni.cpp, line 709]
Event: 7303.167 Thread 0x0000000028ae2800 Exception <a 'sun/nio/fs/WindowsException'> (0x00000000e4ca5fc0) thrown at [D:\src\AOSP-openjdk-cygwin\jdk8u\hotspot\src\share\vm\prims\jni.cpp, line 709]
Event: 7303.167 Thread 0x0000000028ae9800 Exception <a 'sun/nio/fs/WindowsException'> (0x00000000e3d83a68) thrown at [D:\src\AOSP-openjdk-cygwin\jdk8u\hotspot\src\share\vm\prims\jni.cpp, line 709]
Event: 7303.167 Thread 0x0000000028aba000 Exception <a 'sun/nio/fs/WindowsException'> (0x00000000e6e428f0) thrown at [D:\src\AOSP-openjdk-cygwin\jdk8u\hotspot\src\share\vm\prims\jni.cpp, line 709]
Event: 7303.167 Thread 0x0000000028ae5000 Exception <a 'sun/nio/fs/WindowsException'> (0x00000000e47e5a20) thrown at [D:\src\AOSP-openjdk-cygwin\jdk8u\hotspot\src\share\vm\prims\jni.cpp, line 709]
Event: 7303.167 Thread 0x0000000028ae4000 Exception <a 'sun/nio/fs/WindowsException'> (0x00000000e6be8a28) thrown at [D:\src\AOSP-openjdk-cygwin\jdk8u\hotspot\src\share\vm\prims\jni.cpp, line 709]
Event: 7514.557 Thread 0x000000001dd6c800 Exception <a 'sun/nio/fs/WindowsException'> (0x00000000e7fb2d60) thrown at [D:\src\AOSP-openjdk-cygwin\jdk8u\hotspot\src\share\vm\prims\jni.cpp, line 709]
Event: 7555.188 Thread 0x000000001dd6c800 Exception <a 'sun/nio/fs/WindowsException'> (0x00000000f096a908) thrown at [D:\src\AOSP-openjdk-cygwin\jdk8u\hotspot\src\share\vm\prims\jni.cpp, line 709]

Events (10 events):
Event: 7563.890 Executing VM operation: ParallelGCFailedAllocation done
Event: 7564.099 Executing VM operation: ParallelGCFailedAllocation
Event: 7564.144 Executing VM operation: ParallelGCFailedAllocation done
Event: 7564.309 Executing VM operation: ParallelGCFailedAllocation
Event: 7564.354 Executing VM operation: ParallelGCFailedAllocation done
Event: 7564.681 Executing VM operation: ParallelGCFailedAllocation
Event: 7564.722 Executing VM operation: ParallelGCFailedAllocation done
Event: 7564.879 Executing VM operation: ParallelGCFailedAllocation
Event: 7564.915 Executing VM operation: ParallelGCFailedAllocation done
Event: 7565.542 Executing VM operation: ParallelGCFailedAllocation


Dynamic libraries:
0x00007ff6b25a0000 - 0x00007ff6b25d1000 	C:\Program Files\Android\Android Studio\jre\bin\java.exe
0x00007ffccffb0000 - 0x00007ffcd0191000 	C:\WINDOWS\SYSTEM32\ntdll.dll
0x00007ffccfae0000 - 0x00007ffccfb92000 	C:\WINDOWS\System32\KERNEL32.DLL
0x00007ffccc490000 - 0x00007ffccc703000 	C:\WINDOWS\System32\KERNELBASE.dll
0x00007ffccf540000 - 0x00007ffccf5e1000 	C:\WINDOWS\System32\ADVAPI32.dll
0x00007ffccf5f0000 - 0x00007ffccf68e000 	C:\WINDOWS\System32\msvcrt.dll
0x00007ffccfe50000 - 0x00007ffccfeab000 	C:\WINDOWS\System32\sechost.dll
0x00007ffccefa0000 - 0x00007ffccf0c4000 	C:\WINDOWS\System32\RPCRT4.dll
0x00007ffcce9a0000 - 0x00007ffcceb30000 	C:\WINDOWS\System32\USER32.dll
0x00007ffccc710000 - 0x00007ffccc730000 	C:\WINDOWS\System32\win32u.dll
0x00007ffcce970000 - 0x00007ffcce998000 	C:\WINDOWS\System32\GDI32.dll
0x00007ffcccec0000 - 0x00007ffccd052000 	C:\WINDOWS\System32\gdi32full.dll
0x00007ffccd350000 - 0x00007ffccd3ef000 	C:\WINDOWS\System32\msvcp_win.dll
0x00007ffccd060000 - 0x00007ffccd15a000 	C:\WINDOWS\System32\ucrtbase.dll
0x00007ffcb0830000 - 0x00007ffcb0a99000 	C:\WINDOWS\WinSxS\amd64_microsoft.windows.common-controls_6595b64144ccf1df_6.0.17134.523_none_fb409dd930672a56\COMCTL32.dll
0x00007ffccf210000 - 0x00007ffccf532000 	C:\WINDOWS\System32\combase.dll
0x00007ffccc730000 - 0x00007ffccc7aa000 	C:\WINDOWS\System32\bcryptPrimitives.dll
0x00007ffccf180000 - 0x00007ffccf1ad000 	C:\WINDOWS\System32\IMM32.DLL
0x00000000558b0000 - 0x0000000055982000 	C:\Program Files\Android\Android Studio\jre\jre\bin\msvcr100.dll
0x0000000054740000 - 0x0000000054f7e000 	C:\Program Files\Android\Android Studio\jre\jre\bin\server\jvm.dll
0x00007ffccecf0000 - 0x00007ffccecf8000 	C:\WINDOWS\System32\PSAPI.DLL
0x00007ffcc7810000 - 0x00007ffcc7833000 	C:\WINDOWS\SYSTEM32\WINMM.dll
0x00007ffcb1c70000 - 0x00007ffcb1c79000 	C:\WINDOWS\SYSTEM32\WSOCK32.dll
0x00007ffcc6c00000 - 0x00007ffcc6c0a000 	C:\WINDOWS\SYSTEM32\VERSION.dll
0x00007ffcce900000 - 0x00007ffcce96c000 	C:\WINDOWS\System32\WS2_32.dll
0x00007ffcc7700000 - 0x00007ffcc772a000 	C:\WINDOWS\SYSTEM32\WINMMBASE.dll
0x00007ffccd3f0000 - 0x00007ffccd439000 	C:\WINDOWS\System32\cfgmgr32.dll
0x00007ffcc61b0000 - 0x00007ffcc61bf000 	C:\Program Files\Android\Android Studio\jre\jre\bin\verify.dll
0x00007ffcb8260000 - 0x00007ffcb8289000 	C:\Program Files\Android\Android Studio\jre\jre\bin\java.dll
0x00007ffcc54a0000 - 0x00007ffcc54b6000 	C:\Program Files\Android\Android Studio\jre\jre\bin\zip.dll
0x00007ffccd4c0000 - 0x00007ffcce900000 	C:\WINDOWS\System32\SHELL32.dll
0x00007ffccf0d0000 - 0x00007ffccf179000 	C:\WINDOWS\System32\shcore.dll
0x00007ffccc7b0000 - 0x00007ffcccebd000 	C:\WINDOWS\System32\windows.storage.dll
0x00007ffccec90000 - 0x00007ffccece1000 	C:\WINDOWS\System32\shlwapi.dll
0x00007ffccc340000 - 0x00007ffccc351000 	C:\WINDOWS\System32\kernel.appcore.dll
0x00007ffccc360000 - 0x00007ffccc37f000 	C:\WINDOWS\System32\profapi.dll
0x00007ffccc2e0000 - 0x00007ffccc32c000 	C:\WINDOWS\System32\powrprof.dll
0x00007ffccc330000 - 0x00007ffccc33a000 	C:\WINDOWS\System32\FLTLIB.DLL
0x00007ffcc4e20000 - 0x00007ffcc4e3a000 	C:\Program Files\Android\Android Studio\jre\jre\bin\net.dll
0x00007ffccba90000 - 0x00007ffccbaf6000 	C:\WINDOWS\system32\mswsock.dll
0x00007ffcc4de0000 - 0x00007ffcc4df1000 	C:\Program Files\Android\Android Studio\jre\jre\bin\nio.dll
0x00007ffcb73c0000 - 0x00007ffcb73de000 	C:\Users\owner\.gradle\native\25\windows-amd64\native-platform.dll
0x00007ffcc6160000 - 0x00007ffcc616d000 	C:\Program Files\Android\Android Studio\jre\jre\bin\management.dll
0x00007ffccc020000 - 0x00007ffccc037000 	C:\WINDOWS\SYSTEM32\CRYPTSP.dll
0x00007ffccb680000 - 0x00007ffccb6b3000 	C:\WINDOWS\system32\rsaenh.dll
0x00007ffccbff0000 - 0x00007ffccc015000 	C:\WINDOWS\SYSTEM32\bcrypt.dll
0x00007ffccc1f0000 - 0x00007ffccc218000 	C:\WINDOWS\SYSTEM32\USERENV.dll
0x00007ffccbbf0000 - 0x00007ffccbbfb000 	C:\WINDOWS\SYSTEM32\CRYPTBASE.dll
0x00007ffccb820000 - 0x00007ffccb858000 	C:\WINDOWS\SYSTEM32\IPHLPAPI.DLL
0x00007ffcceea0000 - 0x00007ffcceea8000 	C:\WINDOWS\System32\NSI.dll
0x00007ffcc7bd0000 - 0x00007ffcc7be6000 	C:\WINDOWS\SYSTEM32\dhcpcsvc6.DLL
0x00007ffcc7ba0000 - 0x00007ffcc7bba000 	C:\WINDOWS\SYSTEM32\dhcpcsvc.DLL
0x00007ffccb370000 - 0x00007ffccb3a1000 	C:\WINDOWS\SYSTEM32\ntmarta.dll
0x00007ffcb1560000 - 0x00007ffcb1584000 	C:\Program Files\Android\Android Studio\jre\jre\bin\sunec.dll
0x00007ffcc4ca0000 - 0x00007ffcc4cab000 	C:\Program Files\Android\Android Studio\jre\jre\bin\sunmscapi.dll
0x00007ffccd160000 - 0x00007ffccd342000 	C:\WINDOWS\System32\CRYPT32.dll
0x00007ffccc2c0000 - 0x00007ffccc2d2000 	C:\WINDOWS\System32\MSASN1.dll
0x00007ffccb860000 - 0x00007ffccb91e000 	C:\WINDOWS\SYSTEM32\DNSAPI.dll
0x00007ffcc5720000 - 0x00007ffcc572a000 	C:\Windows\System32\rasadhlp.dll
0x00007ffcc47d0000 - 0x00007ffcc4842000 	C:\WINDOWS\System32\fwpuclnt.dll
0x00007ffcc7220000 - 0x00007ffcc73e9000 	C:\WINDOWS\SYSTEM32\dbghelp.dll

VM Arguments:
jvm_args: -Xmx1536m -Dfile.encoding=windows-1252 -Duser.country=US -Duser.language=en -Duser.variant 
java_command: org.gradle.launcher.daemon.bootstrap.GradleDaemon 4.1
java_class_path (initial): C:\Users\owner\.gradle\wrapper\dists\gradle-4.1-all\bzyivzo6n839fup2jbap0tjew\gradle-4.1\lib\gradle-launcher-4.1.jar
Launcher Type: SUN_STANDARD

Environment Variables:
JAVA_HOME=C:\Program Files (x86)\Java\jdk1.8.0_92
CLASSPATH=.;
PATH=C:\Ruby25-x64\bin;C:\Python27\;C:\Python27\Scripts;C:\Program Files (x86)\ImageMagick-6.6.3-Q16;C:\Program Files (x86)\Embarcadero\Studio\19.0\bin;C:\Users\Public\Documents\Embarcadero\Studio\19.0\Bpl;C:\Program Files (x86)\Embarcadero\Studio\19.0\bin64;C:\Users\Public\Documents\Embarcadero\Studio\19.0\Bpl\Win64;C:\ProgramData\Oracle\Java\javapath;C:\WINDOWS\system32;C:\WINDOWS;C:\WINDOWS\System32\Wbem;C:\WINDOWS\System32\WindowsPowerShell\v1.0\;C:\Program Files (x86)\Java\jdk1.8.0_92\bin;C:\Program Files\Android\Android Studio\gradle\gradle-2.2.1\bin;C:\Users\owner\AppData\Local\Android\sdk\platform-tools;C:\WINDOWS\system32\config\systemprofile\.dnx\bin;C:\Program Files\Microsoft DNX\Dnvm\;C:\Program Files\Microsoft SQL Server\130\Tools\Binn\;C:\Program Files (x86)\GtkSharp\2.12\bin;C:\Program Files (x86)\Windows Kits\10\Windows Performance Toolkit\;C:\Program Files\dotnet\;C:\Windows\SysWOW64\;C:\Program Files (x86)\Embarcadero\HTML5 Builder\6.0\apache-ant-1.8.2\bin;C:\Program Files\IDM Computer Solutions\UltraEdit;C:\Program Files\IDM Computer Solutions\UltraCompare;C:\Program Files\TortoiseSVN\bin;C:\Program Files\apache-maven-3.5.2\bin;C:\Servers\xampp\mysql\bin;C:\Servers\xampp\php;C:\Program Files\Git\cmd;C:\ProgramData\chocolatey\bin;C:\Program Files\Java\jdk1.8.0_162\bin;C:\flutter\bin;;C:\WINDOWS\System32\OpenSSH\;C:\Program Files\Dart\dart-sdk\bin;C:\Program Files\nodejs\;C:\Program Files (x86)\Gpg4win\..\GnuPG\bin;C:\Servers\xampp\htdocs;C:\RailsInstaller\Git\cmd;C:\RailsInstaller\Ruby2.3.3\bin;C:\Users\owner\AppData\Local\Microsoft\WindowsApps;C:\Users\owner\AppData\Roaming\npm;C:\Users\owner\AppData\Local\atom\bin;C:\Program Files\heroku\bin;C:\Users\owner\AppData\Roaming\Composer\vendor\bin;C:\Users\owner\AppData\Local\GitHubDesktop\bin
USERNAME=myron
OS=Windows_NT
PROCESSOR_IDENTIFIER=AMD64 Family 21 Model 2 Stepping 0, AuthenticAMD



---------------  S Y S T E M  ---------------

OS: Windows 10.0 , 64 bit Build 17134 (10.0.17134.1)

CPU:total 8 (initial active 8) (8 cores per cpu, 1 threads per core) family 21 model 2 stepping 0, cmov, cx8, fxsr, mmx, sse, sse2, sse3, ssse3, sse4.1, sse4.2, popcnt, avx, aes, clmul, mmxext, 3dnowpref, lzcnt, sse4a, tsc, tscinvbit, tscinv, bmi1

Memory: 4k page, physical 16758324k(6577668k free), swap 20854324k(5708072k free)

vm_info: OpenJDK 64-Bit Server VM (25.152-b01) for windows-amd64 JRE (1.8.0_152-release-915-b01), built by "builder" with MS VC++ 10.0 (VS2010)

time: Tue Feb 12 16:48:58 2019
elapsed time: 7565 seconds (0d 2h 6m 5s)

