#
# A fatal error has been detected by the Java Runtime Environment:
#
#  EXCEPTION_ACCESS_VIOLATION (0xc0000005) at pc=0x0000000054aceebb, pid=18852, tid=0x0000000000004eb8
#
# JRE version: OpenJDK Runtime Environment (8.0_152-b01) (build 1.8.0_152-release-915-b01)
# Java VM: OpenJDK 64-Bit Server VM (25.152-b01 mixed mode windows-amd64 compressed oops)
# Problematic frame:
# V  [jvm.dll+0xeeebb]
#
# Failed to write core dump. Minidumps are not enabled by default on client versions of Windows
#
# If you would like to submit a bug report, please visit:
#   http://bugreport.java.com/bugreport/crash.jsp
#

---------------  T H R E A D  ---------------

Current thread (0x0000000003394000):  GCTaskThread [stack: 0x0000000013340000,0x0000000013440000] [id=20152]

siginfo: ExceptionCode=0xc0000005, reading address 0x0000000000000010

Registers:
RAX=0x0000000013540000, RBX=0x00000000c09a86c8, RCX=0x0000000000000003, RDX=0x0000000000000001
RSP=0x000000001343f370, RBP=0x00000000b87cae00, RSI=0x00000000034665b0, RDI=0x00000000034665b0
R8 =0x0000000000000008, R9 =0x0000000100ade2f0, R10=0x000000000000000c, R11=0x0000000054fa7798
R12=0x00000000b87cae0c, R13=0x0000000100ade5c8, R14=0x0000000100ade5d0, R15=0x00000000b87cadf0
RIP=0x0000000054aceebb, EFLAGS=0x0000000000010202

Top of Stack: (sp=0x000000001343f370)
0x000000001343f370:   0000000100ade2f0 00000000b8862c90
0x000000001343f380:   0000000000000007 0000000054bd5b52
0x000000001343f390:   0000000000000000 0000000003394740
0x000000001343f3a0:   0000000003390e00 0000000000000006
0x000000001343f3b0:   0000000000015776 0000000054da34c0
0x000000001343f3c0:   00000000182febf8 0000000000000000
0x000000001343f3d0:   00000000034665b0 0000000054ff3768
0x000000001343f3e0:   00000000beb33cb8 0000000054da73b8
0x000000001343f3f0:   00000000551a3950 0000000000000005
0x000000001343f400:   0000000000000000 0001fecf00015e5e
0x000000001343f410:   00000000beb33bf4 0000000054acef56
0x000000001343f420:   00000000beb33cb8 0000000003390e00
0x000000001343f430:   0000000003394750 0000000003394740
0x000000001343f440:   0000000054ff3768 0000000000000006
0x000000001343f450:   000000001baf6550 0000000000000000
0x000000001343f460:   00000000034665b0 0000000054da0e6f 

Instructions: (pc=0x0000000054aceebb)
0x0000000054acee9b:   6c 00 84 d2 74 16 44 8b 43 08 8b 0d ad b7 66 00
0x0000000054aceeab:   49 d3 e0 4c 03 05 9b b7 66 00 eb 04 4c 8b 43 08
0x0000000054aceebb:   45 8b 48 08 45 85 c9 7e 0c 41 f6 c1 01 75 4b 41
0x0000000054aceecb:   c1 f9 03 eb 57 79 43 84 d2 41 8b c9 b8 10 00 00 


Register to memory mapping:

RAX=0x0000000013540000 is an unknown value
RBX=0x00000000c09a86c8 is pointing into object: 0x00000000c09a86c0
java.util.Vector 
 - klass: 'java/util/Vector'
RCX=0x0000000000000003 is an unknown value
RDX=0x0000000000000001 is an unknown value
RSP=0x000000001343f370 is an unknown value
RBP=0x00000000b87cae00 is pointing into object: 0x00000000b87cadf0
com.sun.tools.javac.tree.JCTree$JCIdent 
 - klass: 'com/sun/tools/javac/tree/JCTree$JCIdent'
RSI=0x00000000034665b0 is an unknown value
RDI=0x00000000034665b0 is an unknown value
R8 =0x0000000000000008 is an unknown value
R9 =0x0000000100ade2f0 is pointing into metadata
R10=0x000000000000000c is an unknown value
R11=0x0000000054fa7798 is an unknown value
R12=0x00000000b87cae0c is pointing into object: 0x00000000b87cadf0
com.sun.tools.javac.tree.JCTree$JCIdent 
 - klass: 'com/sun/tools/javac/tree/JCTree$JCIdent'
R13=0x0000000100ade5c8 is pointing into metadata
R14=0x0000000100ade5d0 is pointing into metadata
R15=0x00000000b87cadf0 is an oop
com.sun.tools.javac.tree.JCTree$JCIdent 
 - klass: 'com/sun/tools/javac/tree/JCTree$JCIdent'


Stack: [0x0000000013340000,0x0000000013440000],  sp=0x000000001343f370,  free space=1020k
Native frames: (J=compiled Java code, j=interpreted, Vv=VM code, C=native code)
V  [jvm.dll+0xeeebb]
V  [jvm.dll+0x3c34c0]
V  [jvm.dll+0x3c0e6f]
V  [jvm.dll+0x3be2ce]
V  [jvm.dll+0x26d4aa]
C  [msvcr100.dll+0x21d9f]
C  [msvcr100.dll+0x21e3b]
C  [KERNEL32.DLL+0x13034]
C  [ntdll.dll+0x73691]


---------------  P R O C E S S  ---------------

Java Threads: ( => current thread )
  0x0000000032f0d000 JavaThread "ForkJoinPool.commonPool-worker-0" daemon [_thread_blocked, id=15156, stack(0x000000005c620000,0x000000005c720000)]
  0x0000000032f00000 JavaThread "ForkJoinPool.commonPool-worker-7" daemon [_thread_blocked, id=24600, stack(0x000000005c520000,0x000000005c620000)]
  0x0000000032f05800 JavaThread "Cache worker for Java compile cache (C:\Users\owner\AndroidstudioProjects\AutoAccident\.gradle\4.1\javaCompile)" [_thread_blocked, id=23180, stack(0x000000005c420000,0x000000005c520000)]
  0x0000000032f04800 JavaThread "Task worker for ':' Thread 7" [_thread_blocked, id=9580, stack(0x000000005aa20000,0x000000005ab20000)]
  0x0000000032f04000 JavaThread "Task worker for ':' Thread 6" [_thread_blocked, id=12384, stack(0x000000005a920000,0x000000005aa20000)]
  0x0000000032f01800 JavaThread "Task worker for ':' Thread 5" [_thread_blocked, id=18604, stack(0x000000005a820000,0x000000005a920000)]
  0x0000000032efc800 JavaThread "Task worker for ':' Thread 4" [_thread_blocked, id=21520, stack(0x000000005a720000,0x000000005a820000)]
  0x0000000032f01000 JavaThread "Task worker for ':' Thread 3" [_thread_blocked, id=14560, stack(0x000000005a620000,0x000000005a720000)]
  0x0000000032f03000 JavaThread "Task worker for ':' Thread 2" [_thread_blocked, id=15604, stack(0x000000005a520000,0x000000005a620000)]
  0x0000000032eff800 JavaThread "Task worker for ':'" [_thread_blocked, id=11712, stack(0x000000005a420000,0x000000005a520000)]
  0x0000000032efe800 JavaThread "Cache worker for task history cache (C:\Users\owner\AndroidstudioProjects\AutoAccident\.gradle\4.1\taskHistory)" [_thread_blocked, id=19040, stack(0x000000005a320000,0x000000005a420000)]
  0x0000000032ef7000 JavaThread "Cache worker for file content cache (C:\Users\owner\AndroidstudioProjects\AutoAccident\.gradle\4.1\fileContent)" [_thread_blocked, id=20892, stack(0x000000005a220000,0x000000005a320000)]
  0x0000000032ef5000 JavaThread "build operations Thread 8" [_thread_blocked, id=17228, stack(0x000000005a120000,0x000000005a220000)]
  0x0000000032eec800 JavaThread "build operations Thread 7" [_thread_blocked, id=10120, stack(0x000000005a020000,0x000000005a120000)]
  0x0000000032eee000 JavaThread "build operations Thread 6" [_thread_blocked, id=14724, stack(0x0000000059f20000,0x000000005a020000)]
  0x0000000032ef1000 JavaThread "build operations Thread 5" [_thread_blocked, id=21680, stack(0x0000000059e20000,0x0000000059f20000)]
  0x0000000032ef0800 JavaThread "build operations Thread 4" [_thread_blocked, id=25080, stack(0x0000000059d20000,0x0000000059e20000)]
  0x0000000032ef3800 JavaThread "build operations Thread 3" [_thread_blocked, id=8144, stack(0x0000000059c20000,0x0000000059d20000)]
  0x0000000032eef800 JavaThread "build operations Thread 2" [_thread_blocked, id=21532, stack(0x0000000059b20000,0x0000000059c20000)]
  0x0000000032eec000 JavaThread "build operations" [_thread_blocked, id=4952, stack(0x0000000059a20000,0x0000000059b20000)]
  0x0000000032ee4800 JavaThread "Cache worker for Artifact transforms cache (C:\Users\owner\.gradle\caches\transforms-1)" [_thread_blocked, id=9140, stack(0x0000000059920000,0x0000000059a20000)]
  0x0000000032ee9000 JavaThread "Cache worker for file hash cache (C:\Users\owner\AndroidstudioProjects\AutoAccident\.gradle\4.1\fileHashes)" [_thread_blocked, id=11260, stack(0x0000000059820000,0x0000000059920000)]
  0x0000000032ee9800 JavaThread "Stdin handler" [_thread_blocked, id=25136, stack(0x0000000059720000,0x0000000059820000)]
  0x0000000032eea800 JavaThread "Asynchronous log dispatcher for DefaultDaemonConnection: socket connection from /127.0.0.1:56616 to /127.0.0.1:57497" [_thread_blocked, id=20420, stack(0x0000000059620000,0x0000000059720000)]
  0x0000000032ee6800 JavaThread "Cancel handler" [_thread_blocked, id=7716, stack(0x0000000059520000,0x0000000059620000)]
  0x0000000032ee6000 JavaThread "Handler for socket connection from /127.0.0.1:56616 to /127.0.0.1:57497" [_thread_in_native, id=5788, stack(0x0000000059420000,0x0000000059520000)]
  0x0000000032ee8000 JavaThread "Daemon worker Thread 11" [_thread_blocked, id=16748, stack(0x000000004b570000,0x000000004b670000)]
  0x0000000032ee5000 JavaThread "Daemon Thread 11" [_thread_blocked, id=22476, stack(0x000000004b270000,0x000000004b370000)]
  0x000000001b70c800 JavaThread "Memory manager" [_thread_blocked, id=21388, stack(0x0000000021c00000,0x0000000021d00000)]
  0x000000001b708000 JavaThread "pool-1-thread-1" [_thread_blocked, id=14684, stack(0x0000000021900000,0x0000000021a00000)]
  0x000000001b2f8000 JavaThread "File lock request listener" [_thread_in_native, id=13104, stack(0x000000001d920000,0x000000001da20000)]
  0x000000001b2dc800 JavaThread "Cache worker for file hash cache (C:\Users\owner\.gradle\caches\4.1\fileHashes)" [_thread_blocked, id=17424, stack(0x000000001d820000,0x000000001d920000)]
  0x000000001ac6c800 JavaThread "Daemon periodic checks" [_thread_blocked, id=6972, stack(0x000000001ce20000,0x000000001cf20000)]
  0x000000001ac6a800 JavaThread "Incoming local TCP Connector on port 56616" [_thread_in_native, id=21600, stack(0x000000001cbe0000,0x000000001cce0000)]
  0x00000000191b0000 JavaThread "Service Thread" daemon [_thread_blocked, id=8724, stack(0x0000000019d00000,0x0000000019e00000)]
  0x0000000019152800 JavaThread "C1 CompilerThread3" daemon [_thread_blocked, id=17132, stack(0x0000000019c00000,0x0000000019d00000)]
  0x0000000019146000 JavaThread "C2 CompilerThread2" daemon [_thread_blocked, id=23800, stack(0x0000000019b00000,0x0000000019c00000)]
  0x000000001913d000 JavaThread "C2 CompilerThread1" daemon [_thread_blocked, id=5872, stack(0x0000000019a00000,0x0000000019b00000)]
  0x000000001913a800 JavaThread "C2 CompilerThread0" daemon [_thread_blocked, id=16876, stack(0x0000000019900000,0x0000000019a00000)]
  0x0000000019139000 JavaThread "Attach Listener" daemon [_thread_blocked, id=21804, stack(0x0000000019800000,0x0000000019900000)]
  0x0000000019136000 JavaThread "Signal Dispatcher" daemon [_thread_blocked, id=13420, stack(0x0000000019700000,0x0000000019800000)]
  0x0000000017231800 JavaThread "Finalizer" daemon [_thread_blocked, id=24140, stack(0x0000000019510000,0x0000000019610000)]
  0x000000001722a800 JavaThread "Reference Handler" daemon [_thread_blocked, id=22172, stack(0x0000000019010000,0x0000000019110000)]
  0x0000000003372800 JavaThread "main" [_thread_blocked, id=19792, stack(0x00000000031f0000,0x00000000032f0000)]

Other Threads:
  0x0000000017225800 VMThread [stack: 0x0000000018f10000,0x0000000019010000] [id=18716]
  0x00000000191b4800 WatcherThread [stack: 0x0000000019e00000,0x0000000019f00000] [id=24800]

=>0x0000000003394000 (exited) GCTaskThread [stack: 0x0000000013340000,0x0000000013440000] [id=20152]

VM state:at safepoint (normal execution)

VM Mutex/Monitor currently owned by a thread:  ([mutex/lock_event])
[0x000000000336da50] Threads_lock - owner thread: 0x0000000017225800
[0x000000000336dd50] Heap_lock - owner thread: 0x0000000032eff800

Heap:
 PSYoungGen      total 463872K, used 48639K [0x00000000e0000000, 0x0000000100000000, 0x0000000100000000)
  eden space 415232K, 0% used [0x00000000e0000000,0x00000000e0000000,0x00000000f9580000)
  from space 48640K, 99% used [0x00000000f9580000,0x00000000fc4ffe38,0x00000000fc500000)
  to   space 60416K, 0% used [0x00000000fc500000,0x00000000fc500000,0x0000000100000000)
 ParOldGen       total 809472K, used 797262K [0x00000000a0000000, 0x00000000d1680000, 0x00000000e0000000)
  object space 809472K, 98% used [0x00000000a0000000,0x00000000d0a93a78,0x00000000d1680000)
 Metaspace       used 121658K, capacity 129722K, committed 131200K, reserved 1163264K
  class space    used 15141K, capacity 16896K, committed 17024K, reserved 1048576K

Card table byte_map: [0x0000000012830000,0x0000000012b40000] byte_map_base: 0x0000000012330000

Marking Bits: (ParMarkBitMap*) 0x00000000551a3950
 Begin Bits: [0x0000000013540000, 0x0000000014d40000)
 End Bits:   [0x0000000014d40000, 0x0000000016540000)

Polling page: 0x0000000000ff0000

CodeCache: size=245760Kb used=106310Kb max_used=106321Kb free=139449Kb
 bounds [0x0000000003470000, 0x0000000009cf0000, 0x0000000012470000]
 total_blobs=27319 nmethods=26403 adapters=828
 compilation: enabled

Compilation events (10 events):
Event: 8459.646 Thread 0x0000000019152800 38618       3       android.databinding.tool.reflection.SdkUtil$ApiChecker::buildFullLookup (252 bytes)
Event: 8459.647 Thread 0x0000000019152800 nmethod 38618 0x0000000009cd41d0 code [0x0000000009cd45e0, 0x0000000009cd66c8]
Event: 8459.656 Thread 0x000000001913a800 38619 %     4       android.databinding.tool.reflection.SdkUtil$ApiChecker::buildFullLookup @ 124 (252 bytes)
Event: 8459.740 Thread 0x000000001913a800 nmethod 38619% 0x0000000009cdc850 code [0x0000000009cdcc20, 0x0000000009ce0298]
Event: 8460.006 Thread 0x0000000019152800 38620       3       com.sun.tools.javac.model.JavacTypes::asMemberOf (70 bytes)
Event: 8460.008 Thread 0x0000000019152800 nmethod 38620 0x0000000009cda150 code [0x0000000009cda440, 0x0000000009cdbce8]
Event: 8460.057 Thread 0x0000000019152800 38621       3       android.databinding.repacked.kotlin.jvm.internal.Intrinsics::checkParameterIsNotNull (9 bytes)
Event: 8460.058 Thread 0x0000000019152800 nmethod 38621 0x0000000005347f50 code [0x00000000053480c0, 0x0000000005348268]
Event: 8460.077 Thread 0x0000000019152800 38622       3       android.databinding.repacked.kotlin.text.CharsKt__CharJVMKt::isWhitespace (20 bytes)
Event: 8460.078 Thread 0x0000000019152800 nmethod 38622 0x0000000005a0b090 code [0x0000000005a0b260, 0x0000000005a0b858]

GC Heap History (10 events):
Event: 8379.656 GC heap after
Heap after GC invocations=244 (full 13):
 PSYoungGen      total 452608K, used 2800K [0x00000000e0000000, 0x00000000ffc00000, 0x0000000100000000)
  eden space 388096K, 0% used [0x00000000e0000000,0x00000000e0000000,0x00000000f7b00000)
  from space 64512K, 4% used [0x00000000f7b00000,0x00000000f7dbc010,0x00000000fba00000)
  to   space 60928K, 0% used [0x00000000fc080000,0x00000000fc080000,0x00000000ffc00000)
 ParOldGen       total 809472K, used 678399K [0x00000000a0000000, 0x00000000d1680000, 0x00000000e0000000)
  object space 809472K, 83% used [0x00000000a0000000,0x00000000c967ff78,0x00000000d1680000)
 Metaspace       used 115857K, capacity 122838K, committed 129792K, reserved 1163264K
  class space    used 14255K, capacity 15709K, committed 16640K, reserved 1048576K
}
Event: 8411.529 GC heap before
{Heap before GC invocations=245 (full 13):
 PSYoungGen      total 452608K, used 390896K [0x00000000e0000000, 0x00000000ffc00000, 0x0000000100000000)
  eden space 388096K, 100% used [0x00000000e0000000,0x00000000f7b00000,0x00000000f7b00000)
  from space 64512K, 4% used [0x00000000f7b00000,0x00000000f7dbc010,0x00000000fba00000)
  to   space 60928K, 0% used [0x00000000fc080000,0x00000000fc080000,0x00000000ffc00000)
 ParOldGen       total 809472K, used 678399K [0x00000000a0000000, 0x00000000d1680000, 0x00000000e0000000)
  object space 809472K, 83% used [0x00000000a0000000,0x00000000c967ff78,0x00000000d1680000)
 Metaspace       used 116857K, capacity 124374K, committed 130176K, reserved 1163264K
  class space    used 14480K, capacity 16100K, committed 16768K, reserved 1048576K
Event: 8411.572 GC heap after
Heap after GC invocations=245 (full 13):
 PSYoungGen      total 452096K, used 13520K [0x00000000e0000000, 0x00000000ff480000, 0x0000000100000000)
  eden space 398848K, 0% used [0x00000000e0000000,0x00000000e0000000,0x00000000f8580000)
  from space 53248K, 25% used [0x00000000fc080000,0x00000000fcdb4010,0x00000000ff480000)
  to   space 56832K, 0% used [0x00000000f8580000,0x00000000f8580000,0x00000000fbd00000)
 ParOldGen       total 809472K, used 679316K [0x00000000a0000000, 0x00000000d1680000, 0x00000000e0000000)
  object space 809472K, 83% used [0x00000000a0000000,0x00000000c9765008,0x00000000d1680000)
 Metaspace       used 116857K, capacity 124374K, committed 130176K, reserved 1163264K
  class space    used 14480K, capacity 16100K, committed 16768K, reserved 1048576K
}
Event: 8447.725 GC heap before
{Heap before GC invocations=246 (full 13):
 PSYoungGen      total 452096K, used 412368K [0x00000000e0000000, 0x00000000ff480000, 0x0000000100000000)
  eden space 398848K, 100% used [0x00000000e0000000,0x00000000f8580000,0x00000000f8580000)
  from space 53248K, 25% used [0x00000000fc080000,0x00000000fcdb4010,0x00000000ff480000)
  to   space 56832K, 0% used [0x00000000f8580000,0x00000000f8580000,0x00000000fbd00000)
 ParOldGen       total 809472K, used 679316K [0x00000000a0000000, 0x00000000d1680000, 0x00000000e0000000)
  object space 809472K, 83% used [0x00000000a0000000,0x00000000c9765008,0x00000000d1680000)
 Metaspace       used 117521K, capacity 125430K, committed 131072K, reserved 1163264K
  class space    used 14607K, capacity 16343K, committed 16896K, reserved 1048576K
Event: 8447.764 GC heap after
Heap after GC invocations=246 (full 13):
 PSYoungGen      total 455680K, used 11784K [0x00000000e0000000, 0x00000000ffa80000, 0x0000000100000000)
  eden space 398848K, 0% used [0x00000000e0000000,0x00000000e0000000,0x00000000f8580000)
  from space 56832K, 20% used [0x00000000f8580000,0x00000000f91021b0,0x00000000fbd00000)
  to   space 52224K, 0% used [0x00000000fc780000,0x00000000fc780000,0x00000000ffa80000)
 ParOldGen       total 809472K, used 690736K [0x00000000a0000000, 0x00000000d1680000, 0x00000000e0000000)
  object space 809472K, 85% used [0x00000000a0000000,0x00000000ca28c190,0x00000000d1680000)
 Metaspace       used 117521K, capacity 125430K, committed 131072K, reserved 1163264K
  class space    used 14607K, capacity 16343K, committed 16896K, reserved 1048576K
}
Event: 8457.672 GC heap before
{Heap before GC invocations=247 (full 13):
 PSYoungGen      total 455680K, used 410632K [0x00000000e0000000, 0x00000000ffa80000, 0x0000000100000000)
  eden space 398848K, 100% used [0x00000000e0000000,0x00000000f8580000,0x00000000f8580000)
  from space 56832K, 20% used [0x00000000f8580000,0x00000000f91021b0,0x00000000fbd00000)
  to   space 52224K, 0% used [0x00000000fc780000,0x00000000fc780000,0x00000000ffa80000)
 ParOldGen       total 809472K, used 690736K [0x00000000a0000000, 0x00000000d1680000, 0x00000000e0000000)
  object space 809472K, 85% used [0x00000000a0000000,0x00000000ca28c190,0x00000000d1680000)
 Metaspace       used 117583K, capacity 125498K, committed 131072K, reserved 1163264K
  class space    used 14607K, capacity 16343K, committed 16896K, reserved 1048576K
Event: 8457.706 GC heap after
Heap after GC invocations=247 (full 13):
 PSYoungGen      total 461312K, used 13376K [0x00000000e0000000, 0x00000000ff480000, 0x0000000100000000)
  eden space 415232K, 0% used [0x00000000e0000000,0x00000000e0000000,0x00000000f9580000)
  from space 46080K, 29% used [0x00000000fc780000,0x00000000fd490040,0x00000000ff480000)
  to   space 48640K, 0% used [0x00000000f9580000,0x00000000f9580000,0x00000000fc500000)
 ParOldGen       total 809472K, used 699454K [0x00000000a0000000, 0x00000000d1680000, 0x00000000e0000000)
  object space 809472K, 86% used [0x00000000a0000000,0x00000000cab0f8e8,0x00000000d1680000)
 Metaspace       used 117583K, capacity 125498K, committed 131072K, reserved 1163264K
  class space    used 14607K, capacity 16343K, committed 16896K, reserved 1048576K
}
Event: 8460.183 GC heap before
{Heap before GC invocations=248 (full 13):
 PSYoungGen      total 461312K, used 428608K [0x00000000e0000000, 0x00000000ff480000, 0x0000000100000000)
  eden space 415232K, 100% used [0x00000000e0000000,0x00000000f9580000,0x00000000f9580000)
  from space 46080K, 29% used [0x00000000fc780000,0x00000000fd490040,0x00000000ff480000)
  to   space 48640K, 0% used [0x00000000f9580000,0x00000000f9580000,0x00000000fc500000)
 ParOldGen       total 809472K, used 699454K [0x00000000a0000000, 0x00000000d1680000, 0x00000000e0000000)
  object space 809472K, 86% used [0x00000000a0000000,0x00000000cab0f8e8,0x00000000d1680000)
 Metaspace       used 121658K, capacity 129722K, committed 131200K, reserved 1163264K
  class space    used 15141K, capacity 16896K, committed 17024K, reserved 1048576K
Event: 8460.368 GC heap after
Heap after GC invocations=248 (full 13):
 PSYoungGen      total 463872K, used 48639K [0x00000000e0000000, 0x0000000100000000, 0x0000000100000000)
  eden space 415232K, 0% used [0x00000000e0000000,0x00000000e0000000,0x00000000f9580000)
  from space 48640K, 99% used [0x00000000f9580000,0x00000000fc4ffe38,0x00000000fc500000)
  to   space 60416K, 0% used [0x00000000fc500000,0x00000000fc500000,0x0000000100000000)
 ParOldGen       total 809472K, used 797262K [0x00000000a0000000, 0x00000000d1680000, 0x00000000e0000000)
  object space 809472K, 98% used [0x00000000a0000000,0x00000000d0a93a78,0x00000000d1680000)
 Metaspace       used 121658K, capacity 129722K, committed 131200K, reserved 1163264K
  class space    used 15141K, capacity 16896K, committed 17024K, reserved 1048576K
}
Event: 8460.368 GC heap before
{Heap before GC invocations=249 (full 14):
 PSYoungGen      total 463872K, used 48639K [0x00000000e0000000, 0x0000000100000000, 0x0000000100000000)
  eden space 415232K, 0% used [0x00000000e0000000,0x00000000e0000000,0x00000000f9580000)
  from space 48640K, 99% used [0x00000000f9580000,0x00000000fc4ffe38,0x00000000fc500000)
  to   space 60416K, 0% used [0x00000000fc500000,0x00000000fc500000,0x0000000100000000)
 ParOldGen       total 809472K, used 797262K [0x00000000a0000000, 0x00000000d1680000, 0x00000000e0000000)
  object space 809472K, 98% used [0x00000000a0000000,0x00000000d0a93a78,0x00000000d1680000)
 Metaspace       used 121658K, capacity 129722K, committed 131200K, reserved 1163264K
  class space    used 15141K, capacity 16896K, committed 17024K, reserved 1048576K

Deoptimization events (10 events):
Event: 8454.957 Thread 0x0000000032eff800 Uncommon trap: reason=array_check action=maybe_recompile pc=0x00000000088f5b4c method=com.sun.tools.javac.util.List.toArray([Ljava/lang/Object;)[Ljava/lang/Object; @ 27
Event: 8455.251 Thread 0x0000000032eff800 Uncommon trap: reason=array_check action=maybe_recompile pc=0x00000000088f5b4c method=com.sun.tools.javac.util.List.toArray([Ljava/lang/Object;)[Ljava/lang/Object; @ 27
Event: 8455.251 Thread 0x0000000032eff800 Uncommon trap: reason=array_check action=maybe_recompile pc=0x00000000088f5b4c method=com.sun.tools.javac.util.List.toArray([Ljava/lang/Object;)[Ljava/lang/Object; @ 27
Event: 8455.288 Thread 0x0000000032eff800 Uncommon trap: reason=class_check action=maybe_recompile pc=0x000000000777dc24 method=com.sun.tools.javac.comp.Infer.checkCompatibleUpperBounds(Lcom/sun/tools/javac/code/Type$UndetVar;Lcom/sun/tools/javac/comp/Infer$InferenceContext;)V @ 30
Event: 8455.358 Thread 0x0000000032eff800 Uncommon trap: reason=class_check action=maybe_recompile pc=0x0000000007668a28 method=com.sun.tools.javac.comp.Check.firstIncompatibleTypeArg(Lcom/sun/tools/javac/code/Type;)Lcom/sun/tools/javac/code/Type; @ 236
Event: 8455.488 Thread 0x0000000032eff800 Uncommon trap: reason=bimorphic action=maybe_recompile pc=0x0000000006c62b88 method=com.sun.tools.javac.code.Types$SameTypeVisitor.visitClassType(Lcom/sun/tools/javac/code/Type$ClassType;Lcom/sun/tools/javac/code/Type;)Ljava/lang/Boolean; @ 300
Event: 8456.763 Thread 0x0000000032eff800 Uncommon trap: reason=class_check action=maybe_recompile pc=0x00000000055cbe58 method=org.gradle.api.internal.tasks.compile.incremental.deps.ClassDependentsAccumulator.addClass(Ljava/lang/String;ZLjava/lang/Iterable;Ljava/util/Set;Ljava/util/Set;Ljava/uti
Event: 8456.775 Thread 0x0000000032eff800 Uncommon trap: reason=class_check action=maybe_recompile pc=0x00000000055cbe58 method=org.gradle.api.internal.tasks.compile.incremental.deps.ClassDependentsAccumulator.addClass(Ljava/lang/String;ZLjava/lang/Iterable;Ljava/util/Set;Ljava/util/Set;Ljava/uti
Event: 8456.835 Thread 0x0000000032eff800 Uncommon trap: reason=class_check action=maybe_recompile pc=0x00000000055cbe58 method=org.gradle.api.internal.tasks.compile.incremental.deps.ClassDependentsAccumulator.addClass(Ljava/lang/String;ZLjava/lang/Iterable;Ljava/util/Set;Ljava/util/Set;Ljava/uti
Event: 8456.839 Thread 0x0000000032eff800 Uncommon trap: reason=class_check action=maybe_recompile pc=0x00000000055cbe58 method=org.gradle.api.internal.tasks.compile.incremental.deps.ClassDependentsAccumulator.addClass(Ljava/lang/String;ZLjava/lang/Iterable;Ljava/util/Set;Ljava/util/Set;Ljava/uti

Classes redefined (0 events):
No events

Internal exceptions (10 events):
Event: 8447.900 Thread 0x0000000032ee8000 Exception <a 'sun/nio/fs/WindowsException'> (0x00000000e29187c8) thrown at [D:\src\AOSP-openjdk-cygwin\jdk8u\hotspot\src\share\vm\prims\jni.cpp, line 709]
Event: 8447.900 Thread 0x0000000032ee8000 Exception <a 'sun/nio/fs/WindowsException'> (0x00000000e29198e0) thrown at [D:\src\AOSP-openjdk-cygwin\jdk8u\hotspot\src\share\vm\prims\jni.cpp, line 709]
Event: 8447.900 Thread 0x0000000032ee8000 Exception <a 'sun/nio/fs/WindowsException'> (0x00000000e291ab68) thrown at [D:\src\AOSP-openjdk-cygwin\jdk8u\hotspot\src\share\vm\prims\jni.cpp, line 709]
Event: 8447.901 Thread 0x0000000032ee8000 Exception <a 'sun/nio/fs/WindowsException'> (0x00000000e291bc78) thrown at [D:\src\AOSP-openjdk-cygwin\jdk8u\hotspot\src\share\vm\prims\jni.cpp, line 709]
Event: 8457.290 Thread 0x0000000032eff800 Exception <a 'sun/nio/fs/WindowsException'> (0x00000000f7274c50) thrown at [D:\src\AOSP-openjdk-cygwin\jdk8u\hotspot\src\share\vm\prims\jni.cpp, line 709]
Event: 8457.293 Thread 0x0000000032f00000 Exception <a 'sun/nio/fs/WindowsException'> (0x00000000f72a8940) thrown at [D:\src\AOSP-openjdk-cygwin\jdk8u\hotspot\src\share\vm\prims\jni.cpp, line 709]
Event: 8458.826 Thread 0x0000000032eff800 Exception <a 'java/io/FileNotFoundException'> (0x00000000ebe030c8) thrown at [D:\src\AOSP-openjdk-cygwin\jdk8u\hotspot\src\share\vm\prims\jni.cpp, line 709]
Event: 8458.826 Thread 0x0000000032eff800 Exception <a 'java/io/FileNotFoundException'> (0x00000000ebe04c48) thrown at [D:\src\AOSP-openjdk-cygwin\jdk8u\hotspot\src\share\vm\prims\jni.cpp, line 709]
Event: 8458.826 Thread 0x0000000032eff800 Exception <a 'java/io/FileNotFoundException'> (0x00000000ebe05c08) thrown at [D:\src\AOSP-openjdk-cygwin\jdk8u\hotspot\src\share\vm\prims\jni.cpp, line 709]
Event: 8459.422 Thread 0x0000000032eff800 Exception <a 'java/lang/NoSuchMethodError': <clinit>> (0x00000000f3579ab8) thrown at [D:\src\AOSP-openjdk-cygwin\jdk8u\hotspot\src\share\vm\prims\jni.cpp, line 1613]

Events (10 events):
Event: 8460.076 loading class android/databinding/tool/writer/BindingMapperWriter$write$1$1$5$2 done
Event: 8460.076 loading class android/databinding/tool/writer/BindingMapperWriter$write$1$1$6
Event: 8460.076 loading class android/databinding/tool/writer/BindingMapperWriter$write$1$1$6 done
Event: 8460.077 loading class android/databinding/tool/writer/BindingMapperWriter$write$1$1$6$1
Event: 8460.077 loading class android/databinding/tool/writer/BindingMapperWriter$write$1$1$6$1 done
Event: 8460.077 loading class android/databinding/tool/writer/BindingMapperWriter$write$1$1$7
Event: 8460.077 loading class android/databinding/tool/writer/BindingMapperWriter$write$1$1$7 done
Event: 8460.077 loading class android/databinding/tool/writer/BindingMapperWriter$write$1$1$7$1
Event: 8460.077 loading class android/databinding/tool/writer/BindingMapperWriter$write$1$1$7$1 done
Event: 8460.183 Executing VM operation: ParallelGCFailedAllocation


Dynamic libraries:
0x00007ff6b9ae0000 - 0x00007ff6b9b11000 	C:\Program Files\Android\Android Studio\jre\bin\java.exe
0x00007ffccffb0000 - 0x00007ffcd0191000 	C:\WINDOWS\SYSTEM32\ntdll.dll
0x00007ffccfae0000 - 0x00007ffccfb92000 	C:\WINDOWS\System32\KERNEL32.DLL
0x00007ffccc490000 - 0x00007ffccc703000 	C:\WINDOWS\System32\KERNELBASE.dll
0x00007ffccf540000 - 0x00007ffccf5e1000 	C:\WINDOWS\System32\ADVAPI32.dll
0x00007ffccf5f0000 - 0x00007ffccf68e000 	C:\WINDOWS\System32\msvcrt.dll
0x00007ffccfe50000 - 0x00007ffccfeab000 	C:\WINDOWS\System32\sechost.dll
0x00007ffccefa0000 - 0x00007ffccf0c4000 	C:\WINDOWS\System32\RPCRT4.dll
0x00007ffcce9a0000 - 0x00007ffcceb30000 	C:\WINDOWS\System32\USER32.dll
0x00007ffccc710000 - 0x00007ffccc730000 	C:\WINDOWS\System32\win32u.dll
0x00007ffcce970000 - 0x00007ffcce998000 	C:\WINDOWS\System32\GDI32.dll
0x00007ffcccec0000 - 0x00007ffccd052000 	C:\WINDOWS\System32\gdi32full.dll
0x00007ffccd350000 - 0x00007ffccd3ef000 	C:\WINDOWS\System32\msvcp_win.dll
0x00007ffccd060000 - 0x00007ffccd15a000 	C:\WINDOWS\System32\ucrtbase.dll
0x00007ffcb0830000 - 0x00007ffcb0a99000 	C:\WINDOWS\WinSxS\amd64_microsoft.windows.common-controls_6595b64144ccf1df_6.0.17134.523_none_fb409dd930672a56\COMCTL32.dll
0x00007ffccf210000 - 0x00007ffccf532000 	C:\WINDOWS\System32\combase.dll
0x00007ffccc730000 - 0x00007ffccc7aa000 	C:\WINDOWS\System32\bcryptPrimitives.dll
0x00007ffccf180000 - 0x00007ffccf1ad000 	C:\WINDOWS\System32\IMM32.DLL
0x0000000055740000 - 0x0000000055812000 	C:\Program Files\Android\Android Studio\jre\jre\bin\msvcr100.dll
0x00000000549e0000 - 0x000000005521e000 	C:\Program Files\Android\Android Studio\jre\jre\bin\server\jvm.dll
0x00007ffccecf0000 - 0x00007ffccecf8000 	C:\WINDOWS\System32\PSAPI.DLL
0x00007ffcb1c70000 - 0x00007ffcb1c79000 	C:\WINDOWS\SYSTEM32\WSOCK32.dll
0x00007ffcce900000 - 0x00007ffcce96c000 	C:\WINDOWS\System32\WS2_32.dll
0x00007ffcc7810000 - 0x00007ffcc7833000 	C:\WINDOWS\SYSTEM32\WINMM.dll
0x00007ffcc6c00000 - 0x00007ffcc6c0a000 	C:\WINDOWS\SYSTEM32\VERSION.dll
0x00007ffcc7700000 - 0x00007ffcc772a000 	C:\WINDOWS\SYSTEM32\WINMMBASE.dll
0x00007ffccd3f0000 - 0x00007ffccd439000 	C:\WINDOWS\System32\cfgmgr32.dll
0x00007ffcc8410000 - 0x00007ffcc841f000 	C:\Program Files\Android\Android Studio\jre\jre\bin\verify.dll
0x00007ffcb2a10000 - 0x00007ffcb2a39000 	C:\Program Files\Android\Android Studio\jre\jre\bin\java.dll
0x00007ffcb6a90000 - 0x00007ffcb6aa6000 	C:\Program Files\Android\Android Studio\jre\jre\bin\zip.dll
0x00007ffccd4c0000 - 0x00007ffcce900000 	C:\WINDOWS\System32\SHELL32.dll
0x00007ffccf0d0000 - 0x00007ffccf179000 	C:\WINDOWS\System32\shcore.dll
0x00007ffccc7b0000 - 0x00007ffcccebd000 	C:\WINDOWS\System32\windows.storage.dll
0x00007ffccec90000 - 0x00007ffccece1000 	C:\WINDOWS\System32\shlwapi.dll
0x00007ffccc340000 - 0x00007ffccc351000 	C:\WINDOWS\System32\kernel.appcore.dll
0x00007ffccc360000 - 0x00007ffccc37f000 	C:\WINDOWS\System32\profapi.dll
0x00007ffccc2e0000 - 0x00007ffccc32c000 	C:\WINDOWS\System32\powrprof.dll
0x00007ffccc330000 - 0x00007ffccc33a000 	C:\WINDOWS\System32\FLTLIB.DLL
0x00007ffcb4440000 - 0x00007ffcb445a000 	C:\Program Files\Android\Android Studio\jre\jre\bin\net.dll
0x00007ffccba90000 - 0x00007ffccbaf6000 	C:\WINDOWS\system32\mswsock.dll
0x00007ffcb2940000 - 0x00007ffcb2951000 	C:\Program Files\Android\Android Studio\jre\jre\bin\nio.dll
0x00007ffcb7400000 - 0x00007ffcb741e000 	C:\Users\owner\.gradle\native\25\windows-amd64\native-platform.dll
0x00007ffcc6d10000 - 0x00007ffcc6d1d000 	C:\Program Files\Android\Android Studio\jre\jre\bin\management.dll
0x00007ffccc020000 - 0x00007ffccc037000 	C:\WINDOWS\SYSTEM32\CRYPTSP.dll
0x00007ffccb680000 - 0x00007ffccb6b3000 	C:\WINDOWS\system32\rsaenh.dll
0x00007ffccbff0000 - 0x00007ffccc015000 	C:\WINDOWS\SYSTEM32\bcrypt.dll
0x00007ffccc1f0000 - 0x00007ffccc218000 	C:\WINDOWS\SYSTEM32\USERENV.dll
0x00007ffccbbf0000 - 0x00007ffccbbfb000 	C:\WINDOWS\SYSTEM32\CRYPTBASE.dll
0x00007ffccb820000 - 0x00007ffccb858000 	C:\WINDOWS\SYSTEM32\IPHLPAPI.DLL
0x00007ffcceea0000 - 0x00007ffcceea8000 	C:\WINDOWS\System32\NSI.dll
0x00007ffcc7bd0000 - 0x00007ffcc7be6000 	C:\WINDOWS\SYSTEM32\dhcpcsvc6.DLL
0x00007ffcc7ba0000 - 0x00007ffcc7bba000 	C:\WINDOWS\SYSTEM32\dhcpcsvc.DLL
0x00007ffcae550000 - 0x00007ffcae574000 	C:\Program Files\Android\Android Studio\jre\jre\bin\sunec.dll
0x00007ffccb860000 - 0x00007ffccb91e000 	C:\WINDOWS\SYSTEM32\DNSAPI.dll
0x00007ffcc5720000 - 0x00007ffcc572a000 	C:\Windows\System32\rasadhlp.dll
0x00007ffcc47d0000 - 0x00007ffcc4842000 	C:\WINDOWS\System32\fwpuclnt.dll
0x00007ffcc5430000 - 0x00007ffcc543b000 	C:\Program Files\Android\Android Studio\jre\jre\bin\sunmscapi.dll
0x00007ffccd160000 - 0x00007ffccd342000 	C:\WINDOWS\System32\CRYPT32.dll
0x00007ffccc2c0000 - 0x00007ffccc2d2000 	C:\WINDOWS\System32\MSASN1.dll
0x00007ffccb370000 - 0x00007ffccb3a1000 	C:\WINDOWS\SYSTEM32\ntmarta.dll
0x00007ffcc7220000 - 0x00007ffcc73e9000 	C:\WINDOWS\SYSTEM32\dbghelp.dll

VM Arguments:
jvm_args: -Xmx1536m -Dfile.encoding=windows-1252 -Duser.country=US -Duser.language=en -Duser.variant 
java_command: org.gradle.launcher.daemon.bootstrap.GradleDaemon 4.1
java_class_path (initial): C:\Users\owner\.gradle\wrapper\dists\gradle-4.1-all\bzyivzo6n839fup2jbap0tjew\gradle-4.1\lib\gradle-launcher-4.1.jar
Launcher Type: SUN_STANDARD

Environment Variables:
JAVA_HOME=C:\Program Files (x86)\Java\jdk1.8.0_92
CLASSPATH=.;
PATH=C:\Ruby25-x64\bin;C:\Python27\;C:\Python27\Scripts;C:\Program Files (x86)\ImageMagick-6.6.3-Q16;C:\Program Files (x86)\Embarcadero\Studio\19.0\bin;C:\Users\Public\Documents\Embarcadero\Studio\19.0\Bpl;C:\Program Files (x86)\Embarcadero\Studio\19.0\bin64;C:\Users\Public\Documents\Embarcadero\Studio\19.0\Bpl\Win64;C:\ProgramData\Oracle\Java\javapath;C:\WINDOWS\system32;C:\WINDOWS;C:\WINDOWS\System32\Wbem;C:\WINDOWS\System32\WindowsPowerShell\v1.0\;C:\Program Files (x86)\Java\jdk1.8.0_92\bin;C:\Program Files\Android\Android Studio\gradle\gradle-2.2.1\bin;C:\Users\owner\AppData\Local\Android\sdk\platform-tools;C:\WINDOWS\system32\config\systemprofile\.dnx\bin;C:\Program Files\Microsoft DNX\Dnvm\;C:\Program Files\Microsoft SQL Server\130\Tools\Binn\;C:\Program Files (x86)\GtkSharp\2.12\bin;C:\Program Files (x86)\Windows Kits\10\Windows Performance Toolkit\;C:\Program Files\dotnet\;C:\Windows\SysWOW64\;C:\Program Files (x86)\Embarcadero\HTML5 Builder\6.0\apache-ant-1.8.2\bin;C:\Program Files\IDM Computer Solutions\UltraEdit;C:\Program Files\IDM Computer Solutions\UltraCompare;C:\Program Files\TortoiseSVN\bin;C:\Program Files\apache-maven-3.5.2\bin;C:\Servers\xampp\mysql\bin;C:\Servers\xampp\php;C:\Program Files\Git\cmd;C:\ProgramData\chocolatey\bin;C:\Program Files\Java\jdk1.8.0_162\bin;C:\flutter\bin;;C:\WINDOWS\System32\OpenSSH\;C:\Program Files\Dart\dart-sdk\bin;C:\Program Files\nodejs\;C:\Program Files (x86)\Gpg4win\..\GnuPG\bin;C:\Servers\xampp\htdocs;C:\RailsInstaller\Git\cmd;C:\RailsInstaller\Ruby2.3.3\bin;C:\Users\owner\AppData\Local\Microsoft\WindowsApps;C:\Users\owner\AppData\Roaming\npm;C:\Users\owner\AppData\Local\atom\bin;C:\Program Files\heroku\bin;C:\Users\owner\AppData\Roaming\Composer\vendor\bin;C:\Users\owner\AppData\Local\GitHubDesktop\bin
USERNAME=myron
OS=Windows_NT
PROCESSOR_IDENTIFIER=AMD64 Family 21 Model 2 Stepping 0, AuthenticAMD



---------------  S Y S T E M  ---------------

OS: Windows 10.0 , 64 bit Build 17134 (10.0.17134.1)

CPU:total 8 (initial active 8) (8 cores per cpu, 1 threads per core) family 21 model 2 stepping 0, cmov, cx8, fxsr, mmx, sse, sse2, sse3, ssse3, sse4.1, sse4.2, popcnt, avx, aes, clmul, mmxext, 3dnowpref, lzcnt, sse4a, tsc, tscinvbit, tscinv, bmi1

Memory: 4k page, physical 16758324k(6432340k free), swap 20854324k(4724724k free)

vm_info: OpenJDK 64-Bit Server VM (25.152-b01) for windows-amd64 JRE (1.8.0_152-release-915-b01), built by "builder" with MS VC++ 10.0 (VS2010)

time: Mon Feb 04 22:49:30 2019
elapsed time: 8461 seconds (0d 2h 21m 1s)

